This is pdfTeX, Version 3.1415926-1.40.11 (TeX Live 2010) (format=pdflatex 2011.5.10)  18 SEP 2013 11:09
entering extended mode
 \write18 enabled.
 file:line:error style messages enabled.
 %&-line parsing enabled.
**preamble.tex
(./preamble.tex
LaTeX2e <2009/09/24>
Babel <v3.8l> and hyphenation patterns for english, dumylang, nohyphenation, ge
rman-x-2009-06-19, ngerman-x-2009-06-19, ancientgreek, ibycus, arabic, armenian
, basque, bulgarian, catalan, pinyin, coptic, croatian, czech, danish, dutch, u
kenglish, usenglishmax, esperanto, estonian, farsi, finnish, french, galician, 
german, ngerman, swissgerman, monogreek, greek, hungarian, icelandic, assamese,
 bengali, gujarati, hindi, kannada, malayalam, marathi, oriya, panjabi, tamil, 
telugu, indonesian, interlingua, irish, italian, kurmanji, lao, latin, latvian,
 lithuanian, mongolian, mongolianlmc, bokmal, nynorsk, polish, portuguese, roma
nian, russian, sanskrit, serbian, slovak, slovenian, spanish, swedish, turkish,
 turkmen, ukrainian, uppersorbian, welsh, loaded.
./preamble.tex:363: Undefined control sequence.
<argument> fontsize=\myfontsize 
                                ,paper=\mypapersize ,
l.363 
      
? 
./preamble.tex:363: Emergency stop.
<argument> fontsize=\myfontsize 
                                ,paper=\mypapersize ,
l.363 
      
End of file on the terminal!

 
Here is how much of TeX's memory you used:
 11 strings out of 493747
 185 string characters out of 3143546
 49070 words of memory out of 3000000
 3403 multiletter control sequences out of 15000+200000
 3640 words of font info for 14 fonts, out of 3000000 for 9000
 714 hyphenation exceptions out of 8191
 5i,0n,6p,134b,8s stack positions out of 5000i,500n,10000p,200000b,50000s
./preamble.tex:363:  ==> Fatal error occurred, no output PDF file produced!
