This is pdfTeX, Version 3.1415926-2.5-1.40.14 (TeX Live 2013) (format=pdflatex 2013.9.19)  24 OCT 2013 16:16
entering extended mode
 restricted \write18 enabled.
 %&-line parsing enabled.
**main.tex
(./main.tex
LaTeX2e <2011/06/27>
Babel <3.9f> and hyphenation patterns for 78 languages loaded.
(./template/preamble.tex
(/usr/local/texlive/2013/texmf-dist/tex/latex/koma-script/scrbook.cls
Document Class: scrbook 2012/07/29 v3.11b KOMA-Script document class (book)
(/usr/local/texlive/2013/texmf-dist/tex/latex/koma-script/scrkbase.sty
Package: scrkbase 2012/07/29 v3.11b KOMA-Script package (KOMA-Script-dependent 
basics and keyval usage)

(/usr/local/texlive/2013/texmf-dist/tex/latex/koma-script/scrbase.sty
Package: scrbase 2012/07/29 v3.11b KOMA-Script package (KOMA-Script-independent
 basics and keyval usage)

(/usr/local/texlive/2013/texmf-dist/tex/latex/graphics/keyval.sty
Package: keyval 1999/03/16 v1.13 key=value parser (DPC)
\KV@toks@=\toks14
)
(/usr/local/texlive/2013/texmf-dist/tex/latex/koma-script/scrlfile.sty
Package: scrlfile 2012/06/15 v3.12 KOMA-Script package (loading files)

Package scrlfile, 2012/06/15 v3.12 KOMA-Script package (loading files)
                  Copyright (C) Markus Kohm

))) (/usr/local/texlive/2013/texmf-dist/tex/latex/koma-script/tocbasic.sty
Package: tocbasic 2012/04/04 v3.10b KOMA-Script package (handling toc-files)
)
Package tocbasic Info: omitting babel extension for `toc'
(tocbasic)             because of feature `nobabel' available
(tocbasic)             for `toc' on input line 117.
Package tocbasic Info: omitting babel extension for `lof'
(tocbasic)             because of feature `nobabel' available
(tocbasic)             for `lof' on input line 118.
Package tocbasic Info: omitting babel extension for `lot'
(tocbasic)             because of feature `nobabel' available
(tocbasic)             for `lot' on input line 119.
Class scrbook Info: You've used standard option `oneside'.
(scrbook)           This is correct!
(scrbook)           Internally I'm using `twoside=false'.
(scrbook)           If you'd like to set the option with \KOMAoptions,
(scrbook)           you'd have to use `twoside=false' there
(scrbook)           instead of `oneside', too.
Class scrbook Info: File `scrsize12pt.clo' used to setup font sizes on input li
ne 1368.

(/usr/local/texlive/2013/texmf-dist/tex/latex/koma-script/scrsize12pt.clo
File: scrsize12pt.clo 2012/07/29 v3.11b KOMA-Script font size class option (12p
t)
)
(/usr/local/texlive/2013/texmf-dist/tex/latex/koma-script/typearea.sty
Package: typearea 2012/07/29 v3.11b KOMA-Script package (type area)

Package typearea, 2012/07/29 v3.11b KOMA-Script package (type area)
                  Copyright (C) Frank Neukam, 1992-1994
                  Copyright (C) Markus Kohm, 1994-

\ta@bcor=\skip41
\ta@div=\count79
Package typearea Info: You've used standard option `oneside'.
(typearea)             This is correct!
(typearea)             Internally I'm using `twoside=false'.
(typearea)             If you'd like to set the option with \KOMAoptions,
(typearea)             you'd have to use `twoside=false' there
(typearea)             instead of `oneside', too.
\ta@hblk=\skip42
\ta@vblk=\skip43
\ta@temp=\skip44
DIV calculation for typearea with good linewidth.
Package typearea Info: These are the values describing the layout:
(typearea)             DIV  = 9
(typearea)             BCOR = 0.0pt
(typearea)             \paperwidth      = 597.50793pt
(typearea)              \textwidth      = 398.33862pt
(typearea)              DIV departure   = 0%
(typearea)              \evensidemargin = 27.31467pt
(typearea)              \oddsidemargin  = 27.31467pt
(typearea)             \paperheight     = 845.04694pt
(typearea)              \textheight     = 534.0pt
(typearea)              \topmargin      = 21.62411pt
(typearea)              \headheight     = 18.125pt
(typearea)              \headsep        = 21.75pt
(typearea)              \topskip        = 12.0pt
(typearea)              \footskip       = 50.75pt
(typearea)              \baselineskip   = 14.5pt
(typearea)              on input line 1213.
)
\c@part=\count80
\c@chapter=\count81
\c@section=\count82
\c@subsection=\count83
\c@subsubsection=\count84
\c@paragraph=\count85
\c@subparagraph=\count86
\abovecaptionskip=\skip45
\belowcaptionskip=\skip46
\c@pti@nb@sid@b@x=\box26
\c@figure=\count87
\c@table=\count88
\bibindent=\dimen102
) (/usr/local/texlive/2013/texmf-dist/tex/latex/base/inputenc.sty
Package: inputenc 2008/03/30 v1.1d Input encoding file
\inpenc@prehook=\toks15
\inpenc@posthook=\toks16

(/usr/local/texlive/2013/texmf-dist/tex/latex/base/utf8.def
File: utf8.def 2008/04/05 v1.1m UTF-8 support for inputenc
Now handling font encoding OML ...
... no UTF-8 mapping file for font encoding OML
Now handling font encoding T1 ...
... processing UTF-8 mapping file for font encoding T1

(/usr/local/texlive/2013/texmf-dist/tex/latex/base/t1enc.dfu
File: t1enc.dfu 2008/04/05 v1.1m UTF-8 support for inputenc
   defining Unicode char U+00A1 (decimal 161)
   defining Unicode char U+00A3 (decimal 163)
   defining Unicode char U+00AB (decimal 171)
   defining Unicode char U+00BB (decimal 187)
   defining Unicode char U+00BF (decimal 191)
   defining Unicode char U+00C0 (decimal 192)
   defining Unicode char U+00C1 (decimal 193)
   defining Unicode char U+00C2 (decimal 194)
   defining Unicode char U+00C3 (decimal 195)
   defining Unicode char U+00C4 (decimal 196)
   defining Unicode char U+00C5 (decimal 197)
   defining Unicode char U+00C6 (decimal 198)
   defining Unicode char U+00C7 (decimal 199)
   defining Unicode char U+00C8 (decimal 200)
   defining Unicode char U+00C9 (decimal 201)
   defining Unicode char U+00CA (decimal 202)
   defining Unicode char U+00CB (decimal 203)
   defining Unicode char U+00CC (decimal 204)
   defining Unicode char U+00CD (decimal 205)
   defining Unicode char U+00CE (decimal 206)
   defining Unicode char U+00CF (decimal 207)
   defining Unicode char U+00D0 (decimal 208)
   defining Unicode char U+00D1 (decimal 209)
   defining Unicode char U+00D2 (decimal 210)
   defining Unicode char U+00D3 (decimal 211)
   defining Unicode char U+00D4 (decimal 212)
   defining Unicode char U+00D5 (decimal 213)
   defining Unicode char U+00D6 (decimal 214)
   defining Unicode char U+00D8 (decimal 216)
   defining Unicode char U+00D9 (decimal 217)
   defining Unicode char U+00DA (decimal 218)
   defining Unicode char U+00DB (decimal 219)
   defining Unicode char U+00DC (decimal 220)
   defining Unicode char U+00DD (decimal 221)
   defining Unicode char U+00DE (decimal 222)
   defining Unicode char U+00DF (decimal 223)
   defining Unicode char U+00E0 (decimal 224)
   defining Unicode char U+00E1 (decimal 225)
   defining Unicode char U+00E2 (decimal 226)
   defining Unicode char U+00E3 (decimal 227)
   defining Unicode char U+00E4 (decimal 228)
   defining Unicode char U+00E5 (decimal 229)
   defining Unicode char U+00E6 (decimal 230)
   defining Unicode char U+00E7 (decimal 231)
   defining Unicode char U+00E8 (decimal 232)
   defining Unicode char U+00E9 (decimal 233)
   defining Unicode char U+00EA (decimal 234)
   defining Unicode char U+00EB (decimal 235)
   defining Unicode char U+00EC (decimal 236)
   defining Unicode char U+00ED (decimal 237)
   defining Unicode char U+00EE (decimal 238)
   defining Unicode char U+00EF (decimal 239)
   defining Unicode char U+00F0 (decimal 240)
   defining Unicode char U+00F1 (decimal 241)
   defining Unicode char U+00F2 (decimal 242)
   defining Unicode char U+00F3 (decimal 243)
   defining Unicode char U+00F4 (decimal 244)
   defining Unicode char U+00F5 (decimal 245)
   defining Unicode char U+00F6 (decimal 246)
   defining Unicode char U+00F8 (decimal 248)
   defining Unicode char U+00F9 (decimal 249)
   defining Unicode char U+00FA (decimal 250)
   defining Unicode char U+00FB (decimal 251)
   defining Unicode char U+00FC (decimal 252)
   defining Unicode char U+00FD (decimal 253)
   defining Unicode char U+00FE (decimal 254)
   defining Unicode char U+00FF (decimal 255)
   defining Unicode char U+0102 (decimal 258)
   defining Unicode char U+0103 (decimal 259)
   defining Unicode char U+0104 (decimal 260)
   defining Unicode char U+0105 (decimal 261)
   defining Unicode char U+0106 (decimal 262)
   defining Unicode char U+0107 (decimal 263)
   defining Unicode char U+010C (decimal 268)
   defining Unicode char U+010D (decimal 269)
   defining Unicode char U+010E (decimal 270)
   defining Unicode char U+010F (decimal 271)
   defining Unicode char U+0110 (decimal 272)
   defining Unicode char U+0111 (decimal 273)
   defining Unicode char U+0118 (decimal 280)
   defining Unicode char U+0119 (decimal 281)
   defining Unicode char U+011A (decimal 282)
   defining Unicode char U+011B (decimal 283)
   defining Unicode char U+011E (decimal 286)
   defining Unicode char U+011F (decimal 287)
   defining Unicode char U+0130 (decimal 304)
   defining Unicode char U+0131 (decimal 305)
   defining Unicode char U+0132 (decimal 306)
   defining Unicode char U+0133 (decimal 307)
   defining Unicode char U+0139 (decimal 313)
   defining Unicode char U+013A (decimal 314)
   defining Unicode char U+013D (decimal 317)
   defining Unicode char U+013E (decimal 318)
   defining Unicode char U+0141 (decimal 321)
   defining Unicode char U+0142 (decimal 322)
   defining Unicode char U+0143 (decimal 323)
   defining Unicode char U+0144 (decimal 324)
   defining Unicode char U+0147 (decimal 327)
   defining Unicode char U+0148 (decimal 328)
   defining Unicode char U+014A (decimal 330)
   defining Unicode char U+014B (decimal 331)
   defining Unicode char U+0150 (decimal 336)
   defining Unicode char U+0151 (decimal 337)
   defining Unicode char U+0152 (decimal 338)
   defining Unicode char U+0153 (decimal 339)
   defining Unicode char U+0154 (decimal 340)
   defining Unicode char U+0155 (decimal 341)
   defining Unicode char U+0158 (decimal 344)
   defining Unicode char U+0159 (decimal 345)
   defining Unicode char U+015A (decimal 346)
   defining Unicode char U+015B (decimal 347)
   defining Unicode char U+015E (decimal 350)
   defining Unicode char U+015F (decimal 351)
   defining Unicode char U+0160 (decimal 352)
   defining Unicode char U+0161 (decimal 353)
   defining Unicode char U+0162 (decimal 354)
   defining Unicode char U+0163 (decimal 355)
   defining Unicode char U+0164 (decimal 356)
   defining Unicode char U+0165 (decimal 357)
   defining Unicode char U+016E (decimal 366)
   defining Unicode char U+016F (decimal 367)
   defining Unicode char U+0170 (decimal 368)
   defining Unicode char U+0171 (decimal 369)
   defining Unicode char U+0178 (decimal 376)
   defining Unicode char U+0179 (decimal 377)
   defining Unicode char U+017A (decimal 378)
   defining Unicode char U+017B (decimal 379)
   defining Unicode char U+017C (decimal 380)
   defining Unicode char U+017D (decimal 381)
   defining Unicode char U+017E (decimal 382)
   defining Unicode char U+200C (decimal 8204)
   defining Unicode char U+2013 (decimal 8211)
   defining Unicode char U+2014 (decimal 8212)
   defining Unicode char U+2018 (decimal 8216)
   defining Unicode char U+2019 (decimal 8217)
   defining Unicode char U+201A (decimal 8218)
   defining Unicode char U+201C (decimal 8220)
   defining Unicode char U+201D (decimal 8221)
   defining Unicode char U+201E (decimal 8222)
   defining Unicode char U+2030 (decimal 8240)
   defining Unicode char U+2031 (decimal 8241)
   defining Unicode char U+2039 (decimal 8249)
   defining Unicode char U+203A (decimal 8250)
   defining Unicode char U+2423 (decimal 9251)
)
Now handling font encoding OT1 ...
... processing UTF-8 mapping file for font encoding OT1

(/usr/local/texlive/2013/texmf-dist/tex/latex/base/ot1enc.dfu
File: ot1enc.dfu 2008/04/05 v1.1m UTF-8 support for inputenc
   defining Unicode char U+00A1 (decimal 161)
   defining Unicode char U+00A3 (decimal 163)
   defining Unicode char U+00B8 (decimal 184)
   defining Unicode char U+00BF (decimal 191)
   defining Unicode char U+00C5 (decimal 197)
   defining Unicode char U+00C6 (decimal 198)
   defining Unicode char U+00D8 (decimal 216)
   defining Unicode char U+00DF (decimal 223)
   defining Unicode char U+00E6 (decimal 230)
   defining Unicode char U+00EC (decimal 236)
   defining Unicode char U+00ED (decimal 237)
   defining Unicode char U+00EE (decimal 238)
   defining Unicode char U+00EF (decimal 239)
   defining Unicode char U+00F8 (decimal 248)
   defining Unicode char U+0131 (decimal 305)
   defining Unicode char U+0141 (decimal 321)
   defining Unicode char U+0142 (decimal 322)
   defining Unicode char U+0152 (decimal 338)
   defining Unicode char U+0153 (decimal 339)
   defining Unicode char U+2013 (decimal 8211)
   defining Unicode char U+2014 (decimal 8212)
   defining Unicode char U+2018 (decimal 8216)
   defining Unicode char U+2019 (decimal 8217)
   defining Unicode char U+201C (decimal 8220)
   defining Unicode char U+201D (decimal 8221)
)
Now handling font encoding OMS ...
... processing UTF-8 mapping file for font encoding OMS

(/usr/local/texlive/2013/texmf-dist/tex/latex/base/omsenc.dfu
File: omsenc.dfu 2008/04/05 v1.1m UTF-8 support for inputenc
   defining Unicode char U+00A7 (decimal 167)
   defining Unicode char U+00B6 (decimal 182)
   defining Unicode char U+00B7 (decimal 183)
   defining Unicode char U+2020 (decimal 8224)
   defining Unicode char U+2021 (decimal 8225)
   defining Unicode char U+2022 (decimal 8226)
)
Now handling font encoding OMX ...
... no UTF-8 mapping file for font encoding OMX
Now handling font encoding U ...
... no UTF-8 mapping file for font encoding U
   defining Unicode char U+00A9 (decimal 169)
   defining Unicode char U+00AA (decimal 170)
   defining Unicode char U+00AE (decimal 174)
   defining Unicode char U+00BA (decimal 186)
   defining Unicode char U+02C6 (decimal 710)
   defining Unicode char U+02DC (decimal 732)
   defining Unicode char U+200C (decimal 8204)
   defining Unicode char U+2026 (decimal 8230)
   defining Unicode char U+2122 (decimal 8482)
   defining Unicode char U+2423 (decimal 9251)
))
(/usr/local/texlive/2013/texmf-dist/tex/generic/babel/babel.sty
Package: babel 2013/05/16 v3.9f The Babel package

(/usr/local/texlive/2013/texmf-dist/tex/generic/babel-english/english.ldf
Language: english 2012/08/20 v3.3p English support from the babel system

(/usr/local/texlive/2013/texmf-dist/tex/generic/babel/babel.def
File: babel.def 2013/05/16 v3.9f Babel common definitions
\babel@savecnt=\count89
\U@D=\dimen103
)
\l@canadian = a dialect from \language\l@american 
\l@australian = a dialect from \language\l@british 
\l@newzealand = a dialect from \language\l@british 
)
(/usr/local/texlive/2013/texmf-dist/tex/generic/babel-german/ngermanb.ldf
Language: ngermanb 2008/07/06 v2.6n new German support from the babel system
\l@naustrian = a dialect from \language\l@ngerman 
Package babel Info: Making " an active character on input line 92.
))
(/usr/local/texlive/2013/texmf-dist/tex/latex/koma-script/scrpage2.sty
Package: scrpage2 2010/04/22 v2.5 LaTeX2e KOMA-Script package
LaTeX Info: Redefining \pagemark on input line 176.
)
(/usr/local/texlive/2013/texmf-dist/tex/latex/biblatex/biblatex.sty
Package: biblatex 2013/05/01 v2.6 programmable bibliographies (PK/JW/AB)

(/usr/local/texlive/2013/texmf-dist/tex/latex/biblatex/biblatex2.sty
Package: biblatex2 2013/05/01 v2.6 programmable bibliographies (biber) (PK/JW/A
B)

(/usr/local/texlive/2013/texmf-dist/tex/latex/etoolbox/etoolbox.sty
Package: etoolbox 2011/01/03 v2.1 e-TeX tools for LaTeX

(/usr/local/texlive/2013/texmf-dist/tex/latex/etex-pkg/etex.sty
Package: etex 1998/03/26 v2.0 eTeX basic definition package (PEB)
\et@xins=\count90
)
\etb@tempcnta=\count91
)
(/usr/local/texlive/2013/texmf-dist/tex/latex/oberdiek/kvoptions.sty
Package: kvoptions 2011/06/30 v3.11 Key value format for package options (HO)

(/usr/local/texlive/2013/texmf-dist/tex/generic/oberdiek/ltxcmds.sty
Package: ltxcmds 2011/11/09 v1.22 LaTeX kernel commands for general use (HO)
)
(/usr/local/texlive/2013/texmf-dist/tex/generic/oberdiek/kvsetkeys.sty
Package: kvsetkeys 2012/04/25 v1.16 Key value parser (HO)

(/usr/local/texlive/2013/texmf-dist/tex/generic/oberdiek/infwarerr.sty
Package: infwarerr 2010/04/08 v1.3 Providing info/warning/error messages (HO)
)
(/usr/local/texlive/2013/texmf-dist/tex/generic/oberdiek/etexcmds.sty
Package: etexcmds 2011/02/16 v1.5 Avoid name clashes with e-TeX commands (HO)

(/usr/local/texlive/2013/texmf-dist/tex/generic/oberdiek/ifluatex.sty
Package: ifluatex 2010/03/01 v1.3 Provides the ifluatex switch (HO)
Package ifluatex Info: LuaTeX not detected.
)
Package etexcmds Info: Could not find \expanded.
(etexcmds)             That can mean that you are not using pdfTeX 1.50 or
(etexcmds)             that some package has redefined \expanded.
(etexcmds)             In the latter case, load this package earlier.
)))
(/usr/local/texlive/2013/texmf-dist/tex/latex/logreq/logreq.sty
Package: logreq 2010/08/04 v1.0 xml request logger
\lrq@indent=\count92

(/usr/local/texlive/2013/texmf-dist/tex/latex/logreq/logreq.def
File: logreq.def 2010/08/04 v1.0 logreq spec v1.0
))
(/usr/local/texlive/2013/texmf-dist/tex/latex/base/ifthen.sty
Package: ifthen 2001/05/26 v1.1c Standard LaTeX ifthen package (DPC)
)
(/usr/local/texlive/2013/texmf-dist/tex/latex/url/url.sty
\Urlmuskip=\muskip10
Package: url 2006/04/12  ver 3.3  Verb mode for urls, etc.
)
\c@tabx@nest=\count93
\c@listtotal=\count94
\c@listcount=\count95
\c@liststart=\count96
\c@liststop=\count97
\c@citecount=\count98
\c@citetotal=\count99
\c@multicitecount=\count100
\c@multicitetotal=\count101
\c@instcount=\count102
\c@maxnames=\count103
\c@minnames=\count104
\c@maxitems=\count105
\c@minitems=\count106
\c@citecounter=\count107
\c@savedcitecounter=\count108
\c@uniquelist=\count109
\c@uniquename=\count110
\c@refsection=\count111
\c@refsegment=\count112
\c@maxextratitle=\count113
\c@maxextratitleyear=\count114
\c@maxextrayear=\count115
\c@maxextraalpha=\count116
\c@abbrvpenalty=\count117
\c@highnamepenalty=\count118
\c@lownamepenalty=\count119
\c@maxparens=\count120
\c@parenlevel=\count121
\blx@tempcnta=\count122
\blx@tempcntb=\count123
\blx@tempcntc=\count124
\blx@maxsection=\count125
\blx@maxsegment@0=\count126
\blx@notetype=\count127
\blx@parenlevel@text=\count128
\blx@parenlevel@foot=\count129
\blx@sectionciteorder@0=\count130
\labelnumberwidth=\skip47
\labelalphawidth=\skip48
\shorthandwidth=\skip49
\biblabelsep=\skip50
\bibitemsep=\skip51
\bibnamesep=\skip52
\bibinitsep=\skip53
\bibparsep=\skip54
\bibhang=\skip55
\blx@bcfin=\read1
\blx@bcfout=\write3
\c@mincomprange=\count131
\c@maxcomprange=\count132
\c@mincompwidth=\count133
Package biblatex Info: Trying to load biblatex default data model...
Package biblatex Info: ... file 'blx-dm.def' found.

(/usr/local/texlive/2013/texmf-dist/tex/latex/biblatex/blx-dm.def)
Package biblatex Info: Trying to load biblatex style data model...
Package biblatex Info: ... file 'authoryear.dbx' not found.
Package biblatex Info: Trying to load biblatex custom data model...
Package biblatex Info: ... file 'biblatex-dm.cfg' not found.
\c@afterword=\count134
\c@savedafterword=\count135
\c@annotator=\count136
\c@savedannotator=\count137
\c@author=\count138
\c@savedauthor=\count139
\c@bookauthor=\count140
\c@savedbookauthor=\count141
\c@commentator=\count142
\c@savedcommentator=\count143
\c@editor=\count144
\c@savededitor=\count145
\c@editora=\count146
\c@savededitora=\count147
\c@editorb=\count148
\c@savededitorb=\count149
\c@editorc=\count150
\c@savededitorc=\count151
\c@foreword=\count152
\c@savedforeword=\count153
\c@holder=\count154
\c@savedholder=\count155
\c@introduction=\count156
\c@savedintroduction=\count157
\c@namea=\count158
\c@savednamea=\count159
\c@nameb=\count160
\c@savednameb=\count161
\c@namec=\count162
\c@savednamec=\count163
\c@shortauthor=\count164
\c@savedshortauthor=\count165
\c@shorteditor=\count166
\c@savedshorteditor=\count167
\c@translator=\count168
\c@savedtranslator=\count169
\c@labelname=\count170
\c@savedlabelname=\count171
\c@institution=\count172
\c@savedinstitution=\count173
\c@lista=\count174
\c@savedlista=\count175
\c@listb=\count176
\c@savedlistb=\count177
\c@listc=\count178
\c@savedlistc=\count179
\c@listd=\count180
\c@savedlistd=\count181
\c@liste=\count182
\c@savedliste=\count183
\c@listf=\count184
\c@savedlistf=\count185
\c@location=\count186
\c@savedlocation=\count187
\c@organization=\count188
\c@savedorganization=\count189
\c@origlocation=\count190
\c@savedoriglocation=\count191
\c@origpublisher=\count192
\c@savedorigpublisher=\count193
\c@publisher=\count194
\c@savedpublisher=\count195
\c@language=\count196
\c@savedlanguage=\count197
\c@pageref=\count198
\c@savedpageref=\count199
Package biblatex Info: Trying to load compatibility code...
Package biblatex Info: ... file 'blx-compat.def' found.

(/usr/local/texlive/2013/texmf-dist/tex/latex/biblatex/blx-compat.def
File: blx-compat.def 2013/05/01 v2.6 biblatex compatibility (PK/JW/AB)
)
Package biblatex Info: Trying to load generic definitions...
Package biblatex Info: ... file 'biblatex.def' found.

(/usr/local/texlive/2013/texmf-dist/tex/latex/biblatex/biblatex.def
File: biblatex.def 
\c@biburlnumpenalty=\count200
\c@biburlucpenalty=\count201
\c@biburllcpenalty=\count202
\c@smartand=\count203
)
Package biblatex Info: Trying to load natbib compatibility...
Package biblatex Info: ... file 'blx-natbib.def' found.

(/usr/local/texlive/2013/texmf-dist/tex/latex/biblatex/blx-natbib.def
File: blx-natbib.def 2013/05/01 v2.6 biblatex compatibility (PK/JW/AB)
)
Package biblatex Info: Trying to load bibliography style 'authoryear'...
Package biblatex Info: ... file 'authoryear.bbx' found.

(/usr/local/texlive/2013/texmf-dist/tex/latex/biblatex/bbx/authoryear.bbx
File: authoryear.bbx 2013/05/01 v2.6 biblatex bibliography style (PK/JW/AB)
Package biblatex Info: Trying to load bibliography style 'standard'...
Package biblatex Info: ... file 'standard.bbx' found.

(/usr/local/texlive/2013/texmf-dist/tex/latex/biblatex/bbx/standard.bbx
File: standard.bbx 2013/05/01 v2.6 biblatex bibliography style (PK/JW/AB)
\c@bbx:relatedcount=\count204
\c@bbx:relatedtotal=\count205
))
Package biblatex Info: Trying to load citation style 'authoryear'...
Package biblatex Info: ... file 'authoryear.cbx' found.

(/usr/local/texlive/2013/texmf-dist/tex/latex/biblatex/cbx/authoryear.cbx
File: authoryear.cbx 2013/05/01 v2.6 biblatex citation style (PK/JW/AB)
Package biblatex Info: Redefining '\cite'.
Package biblatex Info: Redefining '\parencite'.
Package biblatex Info: Redefining '\footcite'.
Package biblatex Info: Redefining '\footcitetext'.
Package biblatex Info: Redefining '\smartcite'.
Package biblatex Info: Redefining '\textcite'.
)
Package biblatex Info: Trying to load configuration file...
Package biblatex Info: ... file 'biblatex.cfg' found.

(/usr/local/texlive/2013/texmf-dist/tex/latex/biblatex/biblatex.cfg
File: biblatex.cfg 
)))
(/usr/local/texlive/2013/texmf-dist/tex/latex/graphics/graphicx.sty
Package: graphicx 1999/02/16 v1.0f Enhanced LaTeX Graphics (DPC,SPQR)

(/usr/local/texlive/2013/texmf-dist/tex/latex/graphics/graphics.sty
Package: graphics 2009/02/05 v1.0o Standard LaTeX Graphics (DPC,SPQR)

(/usr/local/texlive/2013/texmf-dist/tex/latex/graphics/trig.sty
Package: trig 1999/03/16 v1.09 sin cos tan (DPC)
)
(/usr/local/texlive/2013/texmf-dist/tex/latex/latexconfig/graphics.cfg
File: graphics.cfg 2010/04/23 v1.9 graphics configuration of TeX Live
)
Package graphics Info: Driver file: pdftex.def on input line 91.

(/usr/local/texlive/2013/texmf-dist/tex/latex/pdftex-def/pdftex.def
File: pdftex.def 2011/05/27 v0.06d Graphics/color for pdfTeX
\Gread@gobject=\count206
))
\Gin@req@height=\dimen104
\Gin@req@width=\dimen105
)
(/usr/local/texlive/2013/texmf-dist/tex/latex/psnfss/pifont.sty
Package: pifont 2005/04/12 PSNFSS-v9.2a Pi font support (SPQR) 
LaTeX Font Info:    Try loading font information for U+pzd on input line 63.

(/usr/local/texlive/2013/texmf-dist/tex/latex/psnfss/upzd.fd
File: upzd.fd 2001/06/04 font definitions for U/pzd.
)
LaTeX Font Info:    Try loading font information for U+psy on input line 64.

(/usr/local/texlive/2013/texmf-dist/tex/latex/psnfss/upsy.fd
File: upsy.fd 2001/06/04 font definitions for U/psy.
))
(/usr/local/texlive/2013/texmf-dist/tex/latex/tools/xspace.sty
Package: xspace 2009/10/20 v1.13 Space after command names (DPC,MH)
)
(/usr/local/texlive/2013/texmf-dist/tex/latex/xcolor/xcolor.sty
Package: xcolor 2007/01/21 v2.11 LaTeX color extensions (UK)

(/usr/local/texlive/2013/texmf-dist/tex/latex/latexconfig/color.cfg
File: color.cfg 2007/01/18 v1.5 color configuration of teTeX/TeXLive
)
Package xcolor Info: Package option `usenames' ignored on input line 216.
Package xcolor Info: Driver file: pdftex.def on input line 225.
Package xcolor Info: Model `cmy' substituted by `cmy0' on input line 1337.
Package xcolor Info: Model `hsb' substituted by `rgb' on input line 1341.
Package xcolor Info: Model `RGB' extended on input line 1353.
Package xcolor Info: Model `HTML' substituted by `rgb' on input line 1355.
Package xcolor Info: Model `Hsb' substituted by `hsb' on input line 1356.
Package xcolor Info: Model `tHsb' substituted by `hsb' on input line 1357.
Package xcolor Info: Model `HSB' substituted by `hsb' on input line 1358.
Package xcolor Info: Model `Gray' substituted by `gray' on input line 1359.
Package xcolor Info: Model `wave' substituted by `hsb' on input line 1360.

(/usr/local/texlive/2013/texmf-dist/tex/latex/graphics/dvipsnam.def
File: dvipsnam.def 1999/02/16 v3.0i Driver-dependant file (DPC,SPQR)
))
(/usr/local/texlive/2013/texmf-dist/tex/generic/ulem/ulem.sty
\UL@box=\box27
\UL@hyphenbox=\box28
\UL@skip=\skip56
\UL@hook=\toks17
\UL@height=\dimen106
\UL@pe=\count207
\UL@pixel=\dimen107
\ULC@box=\box29
Package: ulem 2012/05/18
\ULdepth=\dimen108
)
(/usr/local/texlive/2013/texmf-dist/tex/latex/framed/framed.sty
Package: framed 2011/10/22 v 0.96: framed or shaded text with page breaks
\OuterFrameSep=\skip57
\fb@frw=\dimen109
\fb@frh=\dimen110
\FrameRule=\dimen111
\FrameSep=\dimen112
)
(/usr/local/texlive/2013/texmf-dist/tex/latex/eso-pic/eso-pic.sty
Package: eso-pic 2010/10/06 v2.0c eso-pic (RN)

(/usr/local/texlive/2013/texmf-dist/tex/generic/oberdiek/atbegshi.sty
Package: atbegshi 2011/10/05 v1.16 At begin shipout hook (HO)

(/usr/local/texlive/2013/texmf-dist/tex/generic/oberdiek/ifpdf.sty
Package: ifpdf 2011/01/30 v2.3 Provides the ifpdf switch (HO)
Package ifpdf Info: pdfTeX in PDF mode is detected.
)))
(/usr/local/texlive/2013/texmf-dist/tex/latex/enumitem/enumitem.sty
Package: enumitem 2011/09/28 v3.5.2 Customized lists
\labelindent=\skip58
\enit@outerparindent=\dimen113
\enit@toks=\toks18
\enit@inbox=\box30
\enitdp@description=\count208
)
(/usr/local/texlive/2013/texmf-dist/tex/latex/todonotes/todonotes.sty
Package: todonotes 2012/07/25 .dtx Todonotes source and documentation.
Package: todonotes 2012/07/25

(/usr/local/texlive/2013/texmf-dist/tex/latex/xkeyval/xkeyval.sty
Package: xkeyval 2012/10/14 v2.6b package option processing (HA)

(/usr/local/texlive/2013/texmf-dist/tex/generic/xkeyval/xkeyval.tex
\XKV@toks=\toks19
\XKV@tempa@toks=\toks20
\XKV@depth=\count209
File: xkeyval.tex 2012/10/14 v2.6b key=value parser (HA)
))
(/usr/local/texlive/2013/texmf-dist/tex/latex/pgf/frontendlayer/tikz.sty
(/usr/local/texlive/2013/texmf-dist/tex/latex/pgf/basiclayer/pgf.sty
(/usr/local/texlive/2013/texmf-dist/tex/latex/pgf/utilities/pgfrcs.sty
(/usr/local/texlive/2013/texmf-dist/tex/generic/pgf/utilities/pgfutil-common.te
x
\pgfutil@everybye=\toks21
)
(/usr/local/texlive/2013/texmf-dist/tex/generic/pgf/utilities/pgfutil-latex.def
\pgfutil@abb=\box31
(/usr/local/texlive/2013/texmf-dist/tex/latex/ms/everyshi.sty
Package: everyshi 2001/05/15 v3.00 EveryShipout Package (MS)
))
(/usr/local/texlive/2013/texmf-dist/tex/generic/pgf/utilities/pgfrcs.code.tex
Package: pgfrcs 2010/10/25 v2.10 (rcs-revision 1.24)
))
Package: pgf 2008/01/15 v2.10 (rcs-revision 1.12)
(/usr/local/texlive/2013/texmf-dist/tex/latex/pgf/basiclayer/pgfcore.sty
(/usr/local/texlive/2013/texmf-dist/tex/latex/pgf/systemlayer/pgfsys.sty
(/usr/local/texlive/2013/texmf-dist/tex/generic/pgf/systemlayer/pgfsys.code.tex
Package: pgfsys 2010/06/30 v2.10 (rcs-revision 1.37)
(/usr/local/texlive/2013/texmf-dist/tex/generic/pgf/utilities/pgfkeys.code.tex
\pgfkeys@pathtoks=\toks22
\pgfkeys@temptoks=\toks23

(/usr/local/texlive/2013/texmf-dist/tex/generic/pgf/utilities/pgfkeysfiltered.c
ode.tex
\pgfkeys@tmptoks=\toks24
))
\pgf@x=\dimen114
\pgf@y=\dimen115
\pgf@xa=\dimen116
\pgf@ya=\dimen117
\pgf@xb=\dimen118
\pgf@yb=\dimen119
\pgf@xc=\dimen120
\pgf@yc=\dimen121
\w@pgf@writea=\write4
\r@pgf@reada=\read2
\c@pgf@counta=\count210
\c@pgf@countb=\count211
\c@pgf@countc=\count212
\c@pgf@countd=\count213

(/usr/local/texlive/2013/texmf-dist/tex/generic/pgf/systemlayer/pgf.cfg
File: pgf.cfg 2008/05/14  (rcs-revision 1.7)
)
Package pgfsys Info: Driver file for pgf: pgfsys-pdftex.def on input line 900.

(/usr/local/texlive/2013/texmf-dist/tex/generic/pgf/systemlayer/pgfsys-pdftex.d
ef
File: pgfsys-pdftex.def 2009/05/22  (rcs-revision 1.26)

(/usr/local/texlive/2013/texmf-dist/tex/generic/pgf/systemlayer/pgfsys-common-p
df.def
File: pgfsys-common-pdf.def 2008/05/19  (rcs-revision 1.10)
)))
(/usr/local/texlive/2013/texmf-dist/tex/generic/pgf/systemlayer/pgfsyssoftpath.
code.tex
File: pgfsyssoftpath.code.tex 2008/07/18  (rcs-revision 1.7)
\pgfsyssoftpath@smallbuffer@items=\count214
\pgfsyssoftpath@bigbuffer@items=\count215
)
(/usr/local/texlive/2013/texmf-dist/tex/generic/pgf/systemlayer/pgfsysprotocol.
code.tex
File: pgfsysprotocol.code.tex 2006/10/16  (rcs-revision 1.4)
))
(/usr/local/texlive/2013/texmf-dist/tex/generic/pgf/basiclayer/pgfcore.code.tex
Package: pgfcore 2010/04/11 v2.10 (rcs-revision 1.7)
(/usr/local/texlive/2013/texmf-dist/tex/generic/pgf/math/pgfmath.code.tex
(/usr/local/texlive/2013/texmf-dist/tex/generic/pgf/math/pgfmathcalc.code.tex
(/usr/local/texlive/2013/texmf-dist/tex/generic/pgf/math/pgfmathutil.code.tex)
(/usr/local/texlive/2013/texmf-dist/tex/generic/pgf/math/pgfmathparser.code.tex
\pgfmath@dimen=\dimen122
\pgfmath@count=\count216
\pgfmath@box=\box32
\pgfmath@toks=\toks25
\pgfmath@stack@operand=\toks26
\pgfmath@stack@operation=\toks27
)
(/usr/local/texlive/2013/texmf-dist/tex/generic/pgf/math/pgfmathfunctions.code.
tex
(/usr/local/texlive/2013/texmf-dist/tex/generic/pgf/math/pgfmathfunctions.basic
.code.tex)
(/usr/local/texlive/2013/texmf-dist/tex/generic/pgf/math/pgfmathfunctions.trigo
nometric.code.tex)
(/usr/local/texlive/2013/texmf-dist/tex/generic/pgf/math/pgfmathfunctions.rando
m.code.tex)
(/usr/local/texlive/2013/texmf-dist/tex/generic/pgf/math/pgfmathfunctions.compa
rison.code.tex)
(/usr/local/texlive/2013/texmf-dist/tex/generic/pgf/math/pgfmathfunctions.base.
code.tex)
(/usr/local/texlive/2013/texmf-dist/tex/generic/pgf/math/pgfmathfunctions.round
.code.tex)
(/usr/local/texlive/2013/texmf-dist/tex/generic/pgf/math/pgfmathfunctions.misc.
code.tex)))
(/usr/local/texlive/2013/texmf-dist/tex/generic/pgf/math/pgfmathfloat.code.tex
\c@pgfmathroundto@lastzeros=\count217
))
(/usr/local/texlive/2013/texmf-dist/tex/generic/pgf/basiclayer/pgfcorepoints.co
de.tex
File: pgfcorepoints.code.tex 2010/04/09  (rcs-revision 1.20)
\pgf@picminx=\dimen123
\pgf@picmaxx=\dimen124
\pgf@picminy=\dimen125
\pgf@picmaxy=\dimen126
\pgf@pathminx=\dimen127
\pgf@pathmaxx=\dimen128
\pgf@pathminy=\dimen129
\pgf@pathmaxy=\dimen130
\pgf@xx=\dimen131
\pgf@xy=\dimen132
\pgf@yx=\dimen133
\pgf@yy=\dimen134
\pgf@zx=\dimen135
\pgf@zy=\dimen136
)
(/usr/local/texlive/2013/texmf-dist/tex/generic/pgf/basiclayer/pgfcorepathconst
ruct.code.tex
File: pgfcorepathconstruct.code.tex 2010/08/03  (rcs-revision 1.24)
\pgf@path@lastx=\dimen137
\pgf@path@lasty=\dimen138
)
(/usr/local/texlive/2013/texmf-dist/tex/generic/pgf/basiclayer/pgfcorepathusage
.code.tex
File: pgfcorepathusage.code.tex 2008/04/22  (rcs-revision 1.12)
\pgf@shorten@end@additional=\dimen139
\pgf@shorten@start@additional=\dimen140
)
(/usr/local/texlive/2013/texmf-dist/tex/generic/pgf/basiclayer/pgfcorescopes.co
de.tex
File: pgfcorescopes.code.tex 2010/09/08  (rcs-revision 1.34)
\pgfpic=\box33
\pgf@hbox=\box34
\pgf@layerbox@main=\box35
\pgf@picture@serial@count=\count218
)
(/usr/local/texlive/2013/texmf-dist/tex/generic/pgf/basiclayer/pgfcoregraphicst
ate.code.tex
File: pgfcoregraphicstate.code.tex 2008/04/22  (rcs-revision 1.9)
\pgflinewidth=\dimen141
)
(/usr/local/texlive/2013/texmf-dist/tex/generic/pgf/basiclayer/pgfcoretransform
ations.code.tex
File: pgfcoretransformations.code.tex 2009/06/10  (rcs-revision 1.11)
\pgf@pt@x=\dimen142
\pgf@pt@y=\dimen143
\pgf@pt@temp=\dimen144
)
(/usr/local/texlive/2013/texmf-dist/tex/generic/pgf/basiclayer/pgfcorequick.cod
e.tex
File: pgfcorequick.code.tex 2008/10/09  (rcs-revision 1.3)
)
(/usr/local/texlive/2013/texmf-dist/tex/generic/pgf/basiclayer/pgfcoreobjects.c
ode.tex
File: pgfcoreobjects.code.tex 2006/10/11  (rcs-revision 1.2)
)
(/usr/local/texlive/2013/texmf-dist/tex/generic/pgf/basiclayer/pgfcorepathproce
ssing.code.tex
File: pgfcorepathprocessing.code.tex 2008/10/09  (rcs-revision 1.8)
)
(/usr/local/texlive/2013/texmf-dist/tex/generic/pgf/basiclayer/pgfcorearrows.co
de.tex
File: pgfcorearrows.code.tex 2008/04/23  (rcs-revision 1.11)
)
(/usr/local/texlive/2013/texmf-dist/tex/generic/pgf/basiclayer/pgfcoreshade.cod
e.tex
File: pgfcoreshade.code.tex 2008/11/23  (rcs-revision 1.13)
\pgf@max=\dimen145
\pgf@sys@shading@range@num=\count219
)
(/usr/local/texlive/2013/texmf-dist/tex/generic/pgf/basiclayer/pgfcoreimage.cod
e.tex
File: pgfcoreimage.code.tex 2010/03/25  (rcs-revision 1.16)

(/usr/local/texlive/2013/texmf-dist/tex/generic/pgf/basiclayer/pgfcoreexternal.
code.tex
File: pgfcoreexternal.code.tex 2010/09/01  (rcs-revision 1.17)
\pgfexternal@startupbox=\box36
))
(/usr/local/texlive/2013/texmf-dist/tex/generic/pgf/basiclayer/pgfcorelayers.co
de.tex
File: pgfcorelayers.code.tex 2010/08/27  (rcs-revision 1.2)
)
(/usr/local/texlive/2013/texmf-dist/tex/generic/pgf/basiclayer/pgfcoretranspare
ncy.code.tex
File: pgfcoretransparency.code.tex 2008/01/17  (rcs-revision 1.2)
)
(/usr/local/texlive/2013/texmf-dist/tex/generic/pgf/basiclayer/pgfcorepatterns.
code.tex
File: pgfcorepatterns.code.tex 2009/07/02  (rcs-revision 1.3)
)))
(/usr/local/texlive/2013/texmf-dist/tex/generic/pgf/modules/pgfmoduleshapes.cod
e.tex
File: pgfmoduleshapes.code.tex 2010/09/09  (rcs-revision 1.13)
\pgfnodeparttextbox=\box37
)
(/usr/local/texlive/2013/texmf-dist/tex/generic/pgf/modules/pgfmoduleplot.code.
tex
File: pgfmoduleplot.code.tex 2010/10/22  (rcs-revision 1.8)
)
(/usr/local/texlive/2013/texmf-dist/tex/latex/pgf/compatibility/pgfcomp-version
-0-65.sty
Package: pgfcomp-version-0-65 2007/07/03 v2.10 (rcs-revision 1.7)
\pgf@nodesepstart=\dimen146
\pgf@nodesepend=\dimen147
)
(/usr/local/texlive/2013/texmf-dist/tex/latex/pgf/compatibility/pgfcomp-version
-1-18.sty
Package: pgfcomp-version-1-18 2007/07/23 v2.10 (rcs-revision 1.1)
))
(/usr/local/texlive/2013/texmf-dist/tex/latex/pgf/utilities/pgffor.sty
(/usr/local/texlive/2013/texmf-dist/tex/latex/pgf/utilities/pgfkeys.sty
(/usr/local/texlive/2013/texmf-dist/tex/generic/pgf/utilities/pgfkeys.code.tex)
) (/usr/local/texlive/2013/texmf-dist/tex/generic/pgf/utilities/pgffor.code.tex
Package: pgffor 2010/03/23 v2.10 (rcs-revision 1.18)
\pgffor@iter=\dimen148
\pgffor@skip=\dimen149
\pgffor@stack=\toks28
\pgffor@toks=\toks29
))
(/usr/local/texlive/2013/texmf-dist/tex/generic/pgf/frontendlayer/tikz/tikz.cod
e.tex
Package: tikz 2010/10/13 v2.10 (rcs-revision 1.76)

(/usr/local/texlive/2013/texmf-dist/tex/generic/pgf/libraries/pgflibraryplothan
dlers.code.tex
File: pgflibraryplothandlers.code.tex 2010/05/31 v2.10 (rcs-revision 1.15)
\pgf@plot@mark@count=\count220
\pgfplotmarksize=\dimen150
)
\tikz@lastx=\dimen151
\tikz@lasty=\dimen152
\tikz@lastxsaved=\dimen153
\tikz@lastysaved=\dimen154
\tikzleveldistance=\dimen155
\tikzsiblingdistance=\dimen156
\tikz@figbox=\box38
\tikz@tempbox=\box39
\tikztreelevel=\count221
\tikznumberofchildren=\count222
\tikznumberofcurrentchild=\count223
\tikz@fig@count=\count224

(/usr/local/texlive/2013/texmf-dist/tex/generic/pgf/modules/pgfmodulematrix.cod
e.tex
File: pgfmodulematrix.code.tex 2010/08/24  (rcs-revision 1.4)
\pgfmatrixcurrentrow=\count225
\pgfmatrixcurrentcolumn=\count226
\pgf@matrix@numberofcolumns=\count227
)
\tikz@expandcount=\count228

(/usr/local/texlive/2013/texmf-dist/tex/generic/pgf/frontendlayer/tikz/librarie
s/tikzlibrarytopaths.code.tex
File: tikzlibrarytopaths.code.tex 2008/06/17 v2.10 (rcs-revision 1.2)
)))
(/usr/local/texlive/2013/texmf-dist/tex/generic/pgf/frontendlayer/tikz/librarie
s/tikzlibrarypositioning.code.tex
File: tikzlibrarypositioning.code.tex 2008/10/06 v2.10 (rcs-revision 1.7)
)
(/usr/local/texlive/2013/texmf-dist/tex/latex/tools/calc.sty
Package: calc 2007/08/22 v4.3 Infix arithmetic (KKT,FJ)
\calc@Acount=\count229
\calc@Bcount=\count230
\calc@Adimen=\dimen157
\calc@Bdimen=\dimen158
\calc@Askip=\skip59
\calc@Bskip=\skip60
LaTeX Info: Redefining \setlength on input line 76.
LaTeX Info: Redefining \addtolength on input line 77.
\calc@Ccount=\count231
\calc@Cskip=\skip61
)
\c@@todonotes@numberoftodonotes=\count232
)
(/usr/local/texlive/2013/texmf-dist/tex/latex/units/units.sty
Package: units 1998/08/04 v0.9b Typesetting units

(/usr/local/texlive/2013/texmf-dist/tex/latex/units/nicefrac.sty
Package: nicefrac 1998/08/04 v0.9b Nice fractions
\L@UnitsRaiseDisplaystyle=\skip62
\L@UnitsRaiseTextstyle=\skip63
\L@UnitsRaiseScriptstyle=\skip64
))
(/usr/local/texlive/2013/texmf-dist/tex/latex/listings/listings.sty
\lst@mode=\count233
\lst@gtempboxa=\box40
\lst@token=\toks30
Normal \count register pool exhausted, switching to extended pool.
\lst@length=\count277
\lst@currlwidth=\dimen159
\lst@column=\count278
\lst@pos=\count279
\lst@lostspace=\dimen160
\lst@width=\dimen161
\lst@newlines=\count280
\lst@lineno=\count281
\lst@maxwidth=\dimen162

(/usr/local/texlive/2013/texmf-dist/tex/latex/listings/lstmisc.sty
File: lstmisc.sty 2007/02/22 1.4 (Carsten Heinz)
\c@lstnumber=\count282
\lst@skipnumbers=\count283
\lst@framebox=\box41
)
(/usr/local/texlive/2013/texmf-dist/tex/latex/listings/listings.cfg
File: listings.cfg 2007/02/22 1.4 listings configuration
))
Package: listings 2007/02/22 1.4 (Carsten Heinz)

(/usr/local/texlive/2013/texmf-dist/tex/latex/listings/lstlang1.sty
File: lstlang1.sty 2004/09/05 1.3 listings language file
)
(/usr/local/texlive/2013/texmf-dist/tex/latex/listings/lstmisc.sty
File: lstmisc.sty 2007/02/22 1.4 (Carsten Heinz)
))
(./template/mycommands.tex
\c@myclonecnt=\count284
) (./template/typographic_settings.tex
(/usr/local/texlive/2013/texmf-dist/tex/latex/microtype/microtype.sty
Package: microtype 2013/05/23 v2.5a Micro-typographical refinements (RS)
\MT@toks=\toks31
\MT@count=\count285
LaTeX Info: Redefining \textls on input line 766.
\MT@outer@kern=\dimen163
LaTeX Info: Redefining \textmicrotypecontext on input line 1285.
\MT@listname@count=\count286

(/usr/local/texlive/2013/texmf-dist/tex/latex/microtype/microtype-pdftex.def
File: microtype-pdftex.def 2013/05/23 v2.5a Definitions specific to pdftex (RS)

LaTeX Info: Redefining \lsstyle on input line 915.
LaTeX Info: Redefining \lslig on input line 915.
\MT@outer@space=\skip65
)
Package microtype Info: Loading configuration file microtype.cfg.

(/usr/local/texlive/2013/texmf-dist/tex/latex/microtype/microtype.cfg
File: microtype.cfg 2013/05/23 v2.5a microtype main configuration file (RS)
))
(/usr/local/texlive/2013/texmf-dist/tex/latex/psnfss/mathpazo.sty
Package: mathpazo 2005/04/12 PSNFSS-v9.2a Palatino w/ Pazo Math (D.Puga, WaS) 
\symupright=\mathgroup4
)
(/usr/local/texlive/2013/texmf-dist/tex/latex/footmisc/footmisc.sty
Package: footmisc 2011/06/06 v5.5b a miscellany of footnote facilities
\FN@temptoken=\toks32
\footnotemargin=\dimen164
\c@pp@next@reset=\count287
Package footmisc Info: Declaring symbol style bringhurst on input line 855.
Package footmisc Info: Declaring symbol style chicago on input line 863.
Package footmisc Info: Declaring symbol style wiley on input line 872.
Package footmisc Info: Declaring symbol style lamport-robust on input line 883.

Package footmisc Info: Declaring symbol style lamport* on input line 903.
Package footmisc Info: Declaring symbol style lamport*-robust on input line 924
.
)
(/usr/local/texlive/2013/texmf-dist/tex/latex/csquotes/csquotes.sty
Package: csquotes 2011/10/22 v5.1d context-sensitive quotations
\csq@reset=\count288
\csq@gtype=\count289
\csq@glevel=\count290
\csq@qlevel=\count291
\csq@maxlvl=\count292
\csq@tshold=\count293
\csq@ltx@everypar=\toks33

(/usr/local/texlive/2013/texmf-dist/tex/latex/csquotes/csquotes.def
File: csquotes.def 2011/10/22 v5.1d csquotes generic definitions
)
Package csquotes Info: Trying to load configuration file 'csquotes.cfg'...
Package csquotes Info: ... configuration file loaded successfully.

(/usr/local/texlive/2013/texmf-dist/tex/latex/csquotes/csquotes.cfg
File: csquotes.cfg 
)
Package csquotes Info: Option 'babel' depreciated.
(csquotes)             Using 'autostyle'.
Package csquotes Info: Enabling multilingual quotes.
Package csquotes Info: Enabling strict warnings.
Package csquotes Info: Redefining alias 'english' -> 'english/american'.
Package csquotes Info: Redefining alias 'german' -> 'german/guillemets'.
))
(./template/pdf_settings.tex
(/usr/local/texlive/2013/texmf-dist/tex/latex/hyperref/hyperref.sty
Package: hyperref 2012/11/06 v6.83m Hypertext links for LaTeX

(/usr/local/texlive/2013/texmf-dist/tex/generic/oberdiek/hobsub-hyperref.sty
Package: hobsub-hyperref 2012/05/28 v1.13 Bundle oberdiek, subset hyperref (HO)


(/usr/local/texlive/2013/texmf-dist/tex/generic/oberdiek/hobsub-generic.sty
Package: hobsub-generic 2012/05/28 v1.13 Bundle oberdiek, subset generic (HO)
Package: hobsub 2012/05/28 v1.13 Construct package bundles (HO)
Package hobsub Info: Skipping package `infwarerr' (already loaded).
Package hobsub Info: Skipping package `ltxcmds' (already loaded).
Package hobsub Info: Skipping package `ifluatex' (already loaded).
Package: ifvtex 2010/03/01 v1.5 Detect VTeX and its facilities (HO)
Package ifvtex Info: VTeX not detected.
Package: intcalc 2007/09/27 v1.1 Expandable calculations with integers (HO)
Package hobsub Info: Skipping package `ifpdf' (already loaded).
Package hobsub Info: Skipping package `etexcmds' (already loaded).
Package hobsub Info: Skipping package `kvsetkeys' (already loaded).
Package: kvdefinekeys 2011/04/07 v1.3 Define keys (HO)
Package: pdftexcmds 2011/11/29 v0.20 Utility functions of pdfTeX for LuaTeX (HO
)
Package pdftexcmds Info: LuaTeX not detected.
Package pdftexcmds Info: \pdf@primitive is available.
Package pdftexcmds Info: \pdf@ifprimitive is available.
Package pdftexcmds Info: \pdfdraftmode found.
Package: pdfescape 2011/11/25 v1.13 Implements pdfTeX's escape features (HO)
Package: bigintcalc 2012/04/08 v1.3 Expandable calculations on big integers (HO
)
Package: bitset 2011/01/30 v1.1 Handle bit-vector datatype (HO)
Package: uniquecounter 2011/01/30 v1.2 Provide unlimited unique counter (HO)
)
Package hobsub Info: Skipping package `hobsub' (already loaded).
Package: letltxmacro 2010/09/02 v1.4 Let assignment for LaTeX macros (HO)
Package: hopatch 2012/05/28 v1.2 Wrapper for package hooks (HO)
Package: xcolor-patch 2011/01/30 xcolor patch
Package: atveryend 2011/06/30 v1.8 Hooks at the very end of document (HO)
Package hobsub Info: Skipping package `atbegshi' (already loaded).
Package: refcount 2011/10/16 v3.4 Data extraction from label references (HO)
Package: hycolor 2011/01/30 v1.7 Color options for hyperref/bookmark (HO)
)
(/usr/local/texlive/2013/texmf-dist/tex/generic/ifxetex/ifxetex.sty
Package: ifxetex 2010/09/12 v0.6 Provides ifxetex conditional
)
(/usr/local/texlive/2013/texmf-dist/tex/latex/oberdiek/auxhook.sty
Package: auxhook 2011/03/04 v1.3 Hooks for auxiliary files (HO)
)
\@linkdim=\dimen165
\Hy@linkcounter=\count294
\Hy@pagecounter=\count295

(/usr/local/texlive/2013/texmf-dist/tex/latex/hyperref/pd1enc.def
File: pd1enc.def 2012/11/06 v6.83m Hyperref: PDFDocEncoding definition (HO)
Now handling font encoding PD1 ...
... no UTF-8 mapping file for font encoding PD1
)
\Hy@SavedSpaceFactor=\count296

(/usr/local/texlive/2013/texmf-dist/tex/latex/latexconfig/hyperref.cfg
File: hyperref.cfg 2002/06/06 v1.2 hyperref configuration of TeXLive
)
Package hyperref Info: Option `draft' set `false' on input line 4319.


Package hyperref Warning: Unexpected value for option `pdftex'
(hyperref)                is ignored on input line 4319.

Package hyperref Info: Option `bookmarks' set `false' on input line 4319.
Package hyperref Info: Option `bookmarksopen' set `false' on input line 4319.

Package hyperref Warning: Values of option `pdfpagemode':
(hyperref)                * `UseNone'
(hyperref)                * `UseOutlines'
(hyperref)                * `UseThumbs'
(hyperref)                * `FullScreen'
(hyperref)                * `UseOC' (PDF 1.5)
(hyperref)                * `UseAttachments' (PDF 1.6)
(hyperref)                * An empty value disables the option.
(hyperref)                Unknown value `None' on input line 4319.

Package hyperref Info: Option `plainpages' set `false' on input line 4319.

Package hyperref Warning: Option `pagecolor' is not available anymore.

Package hyperref Info: Option `colorlinks' set `true' on input line 4319.
Package hyperref Info: Hyper figures OFF on input line 4443.
Package hyperref Info: Link nesting OFF on input line 4448.
Package hyperref Info: Hyper index ON on input line 4451.
Package hyperref Info: Plain pages OFF on input line 4458.
Package hyperref Info: Backreferencing OFF on input line 4463.
Package hyperref Info: Implicit mode ON; LaTeX internals redefined.
Package hyperref Info: Bookmarks OFF on input line 4694.
\c@Hy@tempcnt=\count297
LaTeX Info: Redefining \url on input line 5041.
\XeTeXLinkMargin=\dimen166
\Fld@menulength=\count298
\Field@Width=\dimen167
\Fld@charsize=\dimen168
Package hyperref Info: Hyper figures OFF on input line 6295.
Package hyperref Info: Link nesting OFF on input line 6300.
Package hyperref Info: Hyper index ON on input line 6303.
Package hyperref Info: backreferencing OFF on input line 6310.
Package hyperref Info: Link coloring ON on input line 6313.
Package hyperref Info: Link coloring with OCG OFF on input line 6320.
Package hyperref Info: PDF/A mode OFF on input line 6325.
LaTeX Info: Redefining \ref on input line 6365.
LaTeX Info: Redefining \pageref on input line 6369.
\Hy@abspage=\count299
\c@Item=\count300
\c@Hfootnote=\count301
)

Package hyperref Message: Driver: hpdftex.

(/usr/local/texlive/2013/texmf-dist/tex/latex/hyperref/hpdftex.def
File: hpdftex.def 2012/11/06 v6.83m Hyperref driver for pdfTeX
\Fld@listcount=\count302
\c@bookmark@seq@number=\count303

(/usr/local/texlive/2013/texmf-dist/tex/latex/oberdiek/rerunfilecheck.sty
Package: rerunfilecheck 2011/04/15 v1.7 Rerun checks for auxiliary files (HO)
Package uniquecounter Info: New unique counter `rerunfilecheck' on input line 2
82.
)
\Hy@SectionHShift=\skip66
))
Package biblatex Info: Trying to load language 'ngerman'...
Package biblatex Info: ... file 'ngerman.lbx' found.

(/usr/local/texlive/2013/texmf-dist/tex/latex/biblatex/lbx/ngerman.lbx
File: ngerman.lbx 2013/05/01 v2.6 biblatex localization (PK/JW/AB)
Package biblatex Info: Trying to load language 'german'...
Package biblatex Info: ... file 'german.lbx' found.

(/usr/local/texlive/2013/texmf-dist/tex/latex/biblatex/lbx/german.lbx
File: german.lbx 2013/05/01 v2.6 biblatex localization (PK/JW/AB)
))
Package csquotes Info: Checking for multilingual support...
Package csquotes Info: ... found 'babel' package.

(./main.aux (./abstract.aux) (./abstract_en.aux) (./introduction.aux)
(./stateoftheart.aux) (./implementation.aux) (./discussion.aux)
(./conclusion.aux

LaTeX Warning: Label `fig:example' multiply defined.

) (./outlook.aux

LaTeX Warning: Label `fig:example' multiply defined.

))
\openout1 = `main.aux'.

LaTeX Font Info:    Checking defaults for OML/cmm/m/it on input line 212.
LaTeX Font Info:    ... okay on input line 212.
LaTeX Font Info:    Checking defaults for T1/cmr/m/n on input line 212.
LaTeX Font Info:    ... okay on input line 212.
LaTeX Font Info:    Checking defaults for OT1/cmr/m/n on input line 212.
LaTeX Font Info:    ... okay on input line 212.
LaTeX Font Info:    Checking defaults for OMS/cmsy/m/n on input line 212.
LaTeX Font Info:    ... okay on input line 212.
LaTeX Font Info:    Checking defaults for OMX/cmex/m/n on input line 212.
LaTeX Font Info:    ... okay on input line 212.
LaTeX Font Info:    Checking defaults for U/cmr/m/n on input line 212.
LaTeX Font Info:    ... okay on input line 212.
LaTeX Font Info:    Checking defaults for PD1/pdf/m/n on input line 212.
LaTeX Font Info:    ... okay on input line 212.
LaTeX Font Info:    Try loading font information for OT1+pplj on input line 212
.
 (/usr/local/texlive/2013/texmf-dist/tex/latex/psnfss/ot1pplj.fd
File: ot1pplj.fd 2004/09/06 font definitions for OT1/pplj.
)
Package biblatex Info: Input encoding 'utf8' detected.
Package biblatex Info: Automatic encoding selection.
(biblatex)             Assuming data encoding 'utf8'.
\openout3 = `main.bcf'.

Package biblatex Info: Trying to load bibliographic data...
Package biblatex Info: ... file 'main.bbl' found.
 (./main.bbl

Package biblatex Warning: The following entry could not be found
(biblatex)                in the database:
(biblatex)                http://www.w3.org/TR/soap9/
(biblatex)                Please verify the spelling and rerun
(biblatex)                LaTeX afterwards.


Package biblatex Warning: The following entry could not be found
(biblatex)                in the database:
(biblatex)                https://itunes.apple.com/de/app/addition-master-mathe
matik/id672669932?mt=8
(biblatex)                Please verify the spelling and rerun
(biblatex)                LaTeX afterwards.


Package biblatex Warning: The following entry could not be found
(biblatex)                in the database:
(biblatex)                http://developer.apple.com/xcode/ [Zugriff am 24.10.2
013]
(biblatex)                Please verify the spelling and rerun
(biblatex)                LaTeX afterwards.


Package biblatex Warning: The following entry could not be found
(biblatex)                in the database:
(biblatex)                http://www.w3.org/XML/
(biblatex)                Please verify the spelling and rerun
(biblatex)                LaTeX afterwards.


Package biblatex Warning: The following entry could not be found
(biblatex)                in the database:
(biblatex)                https://itunes.apple.com/de/app/addition-!/id44754866
9?mt=8
(biblatex)                Please verify the spelling and rerun
(biblatex)                LaTeX afterwards.


Package biblatex Warning: The following entry could not be found
(biblatex)                in the database:
(biblatex)                https://itunes.apple.com/de/app/mathboard/id373909837
?mt=8
(biblatex)                Please verify the spelling and rerun
(biblatex)                LaTeX afterwards.


Package biblatex Warning: The following entry could not be found
(biblatex)                in the database:
(biblatex)                https://itunes.apple.com/de/app/subtract-with-fun/id6
99563137?mt=8
(biblatex)                Please verify the spelling and rerun
(biblatex)                LaTeX afterwards.


Package biblatex Warning: The following entry could not be found
(biblatex)                in the database:
(biblatex)                https://itunes.apple.com/de/app/add-sub-k-1/id4861995
09?mt=8
(biblatex)                Please verify the spelling and rerun
(biblatex)                LaTeX afterwards.


Package biblatex Warning: The following entry could not be found
(biblatex)                in the database:
(biblatex)                https://itunes.apple.com/de/app/subtraction-!/id44754
8515?mt=8
(biblatex)                Please verify the spelling and rerun
(biblatex)                LaTeX afterwards.


Package biblatex Warning: The following entry could not be found
(biblatex)                in the database:
(biblatex)                https://itunes.apple.com/de/app/addition-subtraction-
for-kids/id426907035?mt=8
(biblatex)                Please verify the spelling and rerun
(biblatex)                LaTeX afterwards.


Package biblatex Warning: The following entry could not be found
(biblatex)                in the database:
(biblatex)                https://itunes.apple.com/de/genre/ios/id36?mt=8
(biblatex)                Please verify the spelling and rerun
(biblatex)                LaTeX afterwards.


Package biblatex Warning: The following entry could not be found
(biblatex)                in the database:
(biblatex)                http://sudzc.com
(biblatex)                Please verify the spelling and rerun
(biblatex)                LaTeX afterwards.


Package biblatex Warning: The following entry could not be found
(biblatex)                in the database:
(biblatex)                http://www.gnu.org/software/gnustep/resources/documen
tation/Developer/Base/ProgrammingManual/manual_toc.html [Zugriff am 24.10.2013]

(biblatex)                Please verify the spelling and rerun
(biblatex)                LaTeX afterwards.


Package biblatex Warning: The following entry could not be found
(biblatex)                in the database:
(biblatex)                https://itunes.apple.com/de/app/addition-subtraction/
id542109601?mt=8
(biblatex)                Please verify the spelling and rerun
(biblatex)                LaTeX afterwards.


Package biblatex Warning: The following entry could not be found
(biblatex)                in the database:
(biblatex)                https://itunes.apple.com/de/app/add-sub/id693077439?m
t=8
(biblatex)                Please verify the spelling and rerun
(biblatex)                LaTeX afterwards.


Package biblatex Warning: The following entry could not be found
(biblatex)                in the database:
(biblatex)                https://itunes.apple.com/de/app/add-subtract-springbi
rd-mathe/id601505771?mt=8
(biblatex)                Please verify the spelling and rerun
(biblatex)                LaTeX afterwards.


Package biblatex Warning: The following entry could not be found
(biblatex)                in the database:
(biblatex)                http://developer.apple.com/library/ios/documentation/
uikit/reference/UIViewController_Class/ [Zugriff am 24.10.2013]
(biblatex)                Please verify the spelling and rerun
(biblatex)                LaTeX afterwards.

)
Package biblatex Info: Reference section=0 on input line 212.
Package biblatex Info: Reference segment=0 on input line 212.
 (/usr/local/texlive/2013/texmf-dist/tex/context/base/supp-pdf.mkii
[Loading MPS to PDF converter (version 2006.09.02).]
\scratchcounter=\count304
\scratchdimen=\dimen169
\scratchbox=\box42
\nofMPsegments=\count305
\nofMParguments=\count306
\everyMPshowfont=\toks34
\MPscratchCnt=\count307
\MPscratchDim=\dimen170
\MPnumerator=\count308
\makeMPintoPDFobject=\count309
\everyMPtoPDFconversion=\toks35
) (/usr/local/texlive/2013/texmf-dist/tex/latex/oberdiek/epstopdf-base.sty
Package: epstopdf-base 2010/02/09 v2.5 Base part for package epstopdf

(/usr/local/texlive/2013/texmf-dist/tex/latex/oberdiek/grfext.sty
Package: grfext 2010/08/19 v1.1 Manage graphics extensions (HO)
)
Package grfext Info: Graphics extension search list:
(grfext)             [.png,.pdf,.jpg,.mps,.jpeg,.jbig2,.jb2,.PNG,.PDF,.JPG,.JPE
G,.JBIG2,.JB2,.eps]
(grfext)             \AppendGraphicsExtensions on input line 452.

(/usr/local/texlive/2013/texmf-dist/tex/latex/latexconfig/epstopdf-sys.cfg
File: epstopdf-sys.cfg 2010/07/13 v1.3 Configuration of (r)epstopdf for TeX Liv
e
))
\AtBeginShipoutBox=\box43

ABD: EveryShipout initializing macros
\c@lstlisting=\count310
LaTeX Info: Redefining \microtypecontext on input line 212.
Package microtype Info: Generating PDF output.
Package microtype Info: Character protrusion enabled (level 2),
(microtype)             factor: 900.
Package microtype Info: Using default protrusion set `alltext'.
Package microtype Info: Automatic font expansion enabled (level 2),
(microtype)             stretch: 20, shrink: 20, step: 1, non-selected.
Package microtype Info: Using default expansion set `basictext'.
Package microtype Info: No adjustment of tracking.
Package microtype Info: No adjustment of interword spacing.
Package microtype Info: No adjustment of character kerning.

(/usr/local/texlive/2013/texmf-dist/tex/latex/microtype/mt-ppl.cfg
File: mt-ppl.cfg 2005/11/16 v1.6 microtype config. file: Palatino (RS)
)
\big@size=\dimen171
Package hyperref Info: Link coloring ON on input line 212.

(/usr/local/texlive/2013/texmf-dist/tex/latex/hyperref/nameref.sty
Package: nameref 2012/10/27 v2.43 Cross-referencing by name of section

(/usr/local/texlive/2013/texmf-dist/tex/generic/oberdiek/gettitlestring.sty
Package: gettitlestring 2010/12/03 v1.4 Cleanup title references (HO)
)
\c@section@level=\count311
)
LaTeX Info: Redefining \ref on input line 212.
LaTeX Info: Redefining \pageref on input line 212.
LaTeX Info: Redefining \nameref on input line 212.

(./colophon.tex) (./template/title_Thesis_TU_Graz.tex
LaTeX Font Info:    Font shape `OT1/pplj/bx/n' in size <20.74> not available
(Font)              Font shape `OT1/pplj/b/n' tried instead on input line 36.
LaTeX Font Info:    Font shape `OT1/pplj/bx/n' in size <12> not available
(Font)              Font shape `OT1/pplj/b/n' tried instead on input line 40.

<figures/TU_Graz_Logo.pdf, id=7, 113.42375pt x 42.1575pt>
File: figures/TU_Graz_Logo.pdf Graphic file (type pdf)

<use figures/TU_Graz_Logo.pdf>
Package pdftex.def Info: figures/TU_Graz_Logo.pdf used on input line 63.
(pdftex.def)             Requested size: 119.50157pt x 44.41653pt.
Package babel Info: Redefining ngerman shorthand "|
(babel)             in language  on input line 63.
Package babel Info: Redefining ngerman shorthand "~
(babel)             in language  on input line 63.
Package babel Info: Redefining ngerman shorthand "|
(babel)             in language  on input line 63.
Package babel Info: Redefining ngerman shorthand "~
(babel)             in language  on input line 63.
 [1




{/usr/local/texlive/2013/texmf-var/fonts/map/pdftex/updmap/pdftex.map} <./figur
es/TU_Graz_Logo.pdf>]
LaTeX Font Info:    Try loading font information for OT1+pplx on input line 73.


(/usr/local/texlive/2013/texmf-dist/tex/latex/psnfss/ot1pplx.fd
File: ot1pplx.fd 2004/09/06 font definitions for OT1/pplx.
)
LaTeX Font Info:    Try loading font information for OML+zplm on input line 73.


(/usr/local/texlive/2013/texmf-dist/tex/latex/psnfss/omlzplm.fd
File: omlzplm.fd 2002/09/08 Fontinst v1.914 font definitions for OML/zplm.
)
LaTeX Font Info:    Try loading font information for OMS+zplm on input line 73.


(/usr/local/texlive/2013/texmf-dist/tex/latex/psnfss/omszplm.fd
File: omszplm.fd 2002/09/08 Fontinst v1.914 font definitions for OMS/zplm.
)
LaTeX Font Info:    Try loading font information for OMX+zplm on input line 73.


(/usr/local/texlive/2013/texmf-dist/tex/latex/psnfss/omxzplm.fd
File: omxzplm.fd 2002/09/08 Fontinst v1.914 font definitions for OMX/zplm.
)
LaTeX Font Info:    Try loading font information for OT1+zplm on input line 73.


(/usr/local/texlive/2013/texmf-dist/tex/latex/psnfss/ot1zplm.fd
File: ot1zplm.fd 2002/09/08 Fontinst v1.914 font definitions for OT1/zplm.
)
Package microtype Info: Loading generic settings for font family
(microtype)             `zplm' (encoding: OT1).
(microtype)             For optimal results, create family-specific settings.
(microtype)             See the microtype manual for details.
Package microtype Info: Loading generic settings for font family
(microtype)             `cmtt' (encoding: OT1).
(microtype)             For optimal results, create family-specific settings.
(microtype)             See the microtype manual for details.
Package babel Info: Redefining ngerman shorthand "|
(babel)             in language  on input line 74.
Package babel Info: Redefining ngerman shorthand "~
(babel)             in language  on input line 74.
Package babel Info: Redefining ngerman shorthand "|
(babel)             in language  on input line 74.
Package babel Info: Redefining ngerman shorthand "~
(babel)             in language  on input line 74.
 [2])
(./template/declaration_TU_Graz.tex
Package microtype Info: Loading generic settings for font family
(microtype)             `cmss' (encoding: OT1).
(microtype)             For optimal results, create family-specific settings.
(microtype)             See the microtype manual for details.

Overfull \hbox (15.53772pt too wide) in paragraph at lines 30--31
[][]
 []


Underfull \hbox (badness 10000) in paragraph at lines 30--31

 []


Overfull \hbox (35.62572pt too wide) in paragraph at lines 51--52
[][]
 []


Underfull \hbox (badness 10000) in paragraph at lines 51--52

 []

Package babel Info: Redefining ngerman shorthand "|
(babel)             in language  on input line 54.
Package babel Info: Redefining ngerman shorthand "~
(babel)             in language  on input line 54.
Package babel Info: Redefining ngerman shorthand "|
(babel)             in language  on input line 54.
Package babel Info: Redefining ngerman shorthand "~
(babel)             in language  on input line 54.
[3])
\openout2 = `abstract.aux'.

 (./abstract.tex
Overfull \hbox (2.93274pt too wide) in paragraph at lines 9--12
\OT1/pplj/m/n/12 (-20) Im Zu-ge mei-ner Ba-che-lor-ar-beit, wur-de ei-ne na-ti-
ve iPho-ne App als Erg[]anzung
 []


Overfull \hbox (5.88148pt too wide) in paragraph at lines 22--25
\OT1/pplj/m/n/12 (-20) un-ter-schied-li-chen Schwie-rig-keits-stu-fen un-aut-ho
-ri-sier-t/a-n-onym durchf[]uhrbar
 []

)
Package babel Info: Redefining ngerman shorthand "|
(babel)             in language  on input line 229.
Package babel Info: Redefining ngerman shorthand "~
(babel)             in language  on input line 229.
Package babel Info: Redefining ngerman shorthand "|
(babel)             in language  on input line 229.
Package babel Info: Redefining ngerman shorthand "~
(babel)             in language  on input line 229.
 [4





]
\openout2 = `abstract_en.aux'.

 (./abstract_en.tex)
Package babel Info: Redefining ngerman shorthand "|
(babel)             in language  on input line 230.
Package babel Info: Redefining ngerman shorthand "~
(babel)             in language  on input line 230.
Package babel Info: Redefining ngerman shorthand "|
(babel)             in language  on input line 230.
Package babel Info: Redefining ngerman shorthand "~
(babel)             in language  on input line 230.
 [5




]
Package tocbasic Info: character protrusion at toc deactivated on input line 23
4.
 (./main.toc
LaTeX Font Info:    Font shape `OT1/pplj/bx/n' in size <10> not available
(Font)              Font shape `OT1/pplj/b/n' tried instead on input line 13.
)
\tf@toc=\write5
\openout5 = `main.toc'.

Package babel Info: Redefining ngerman shorthand "|
(babel)             in language  on input line 236.
Package babel Info: Redefining ngerman shorthand "~
(babel)             in language  on input line 236.
Package babel Info: Redefining ngerman shorthand "|
(babel)             in language  on input line 236.
Package babel Info: Redefining ngerman shorthand "~
(babel)             in language  on input line 236.
 [6



]
Package tocbasic Info: character protrusion at lof deactivated on input line 23
6.
 (./main.lof)
\tf@lof=\write6
\openout6 = `main.lof'.

Package babel Info: Redefining ngerman shorthand "|
(babel)             in language  on input line 243.
Package babel Info: Redefining ngerman shorthand "~
(babel)             in language  on input line 243.
Package babel Info: Redefining ngerman shorthand "|
(babel)             in language  on input line 243.
Package babel Info: Redefining ngerman shorthand "~
(babel)             in language  on input line 243.
 [7


]
\openout2 = `introduction.aux'.


(./introduction.tex
Kapitel 1.

Class scrbook Warning: \float@addtolists detected!
(scrbook)              You should use the features of package `tocbasic'
(scrbook)              instead of \float@addtolists.
(scrbook)              Support for \float@addtolists may be removed from
(scrbook)              `scrbook' soon .

Package babel Info: Redefining ngerman shorthand "|
(babel)             in language  on input line 45.
Package babel Info: Redefining ngerman shorthand "~
(babel)             in language  on input line 45.
Package babel Info: Redefining ngerman shorthand "|
(babel)             in language  on input line 45.
Package babel Info: Redefining ngerman shorthand "~
(babel)             in language  on input line 45.
[1




])
Package babel Info: Redefining ngerman shorthand "|
(babel)             in language  on input line 245.
Package babel Info: Redefining ngerman shorthand "~
(babel)             in language  on input line 245.
Package babel Info: Redefining ngerman shorthand "|
(babel)             in language  on input line 245.
Package babel Info: Redefining ngerman shorthand "~
(babel)             in language  on input line 245.
 [2]
\openout2 = `stateoftheart.aux'.

 (./stateoftheart.tex
Kapitel 2.
<figures/mathboard.jpg, id=171, 321.2pt x 570.13pt>
File: figures/mathboard.jpg Graphic file (type jpg)

<use figures/mathboard.jpg>
Package pdftex.def Info: figures/mathboard.jpg used on input line 40.
(pdftex.def)             Requested size: 120.33208pt x 213.58943pt.
Package babel Info: Redefining ngerman shorthand "|
(babel)             in language  on input line 47.
Package babel Info: Redefining ngerman shorthand "~
(babel)             in language  on input line 47.
Package babel Info: Redefining ngerman shorthand "|
(babel)             in language  on input line 47.
Package babel Info: Redefining ngerman shorthand "~
(babel)             in language  on input line 47.
 [3




]
LaTeX Font Info:    Try loading font information for OMS+pplj on input line 47.

LaTeX Font Info:    No file OMSpplj.fd. on input line 47.


LaTeX Font Warning: Font shape `OMS/pplj/m/n' undefined
(Font)              using `OMS/cmsy/m/n' instead
(Font)              for symbol `textbullet' on input line 47.

<figures/addmaster.pdf, id=181, 597.50786pt x 845.04686pt>
File: figures/addmaster.pdf Graphic file (type pdf)

<use figures/addmaster.pdf>
Package pdftex.def Info: figures/addmaster.pdf used on input line 56.
(pdftex.def)             Requested size: 151.02681pt x 213.59508pt.
Package babel Info: Redefining ngerman shorthand "|
(babel)             in language  on input line 68.
Package babel Info: Redefining ngerman shorthand "~
(babel)             in language  on input line 68.
Package babel Info: Redefining ngerman shorthand "|
(babel)             in language  on input line 68.
Package babel Info: Redefining ngerman shorthand "~
(babel)             in language  on input line 68.
 [4 <./figures/mathboard.jpg>]
<figures/addition!.jpg, id=191, 321.2pt x 481.8pt>
File: figures/addition!.jpg Graphic file (type jpg)
 <use figures/addition!.jpg>
Package pdftex.def Info: figures/addition!.jpg used on input line 82.
(pdftex.def)             Requested size: 142.39688pt x 213.5953pt.

<figures/subtraction!.jpg, id=193, 321.2pt x 481.8pt>
File: figures/subtraction!.jpg Graphic file (type jpg)

<use figures/subtraction!.jpg>
Package pdftex.def Info: figures/subtraction!.jpg used on input line 90.
(pdftex.def)             Requested size: 142.39688pt x 213.5953pt.

<figures/add&sub.jpg, id=194, 240.9pt x 427.5975pt>
File: figures/add&sub.jpg Graphic file (type jpg)
 <use figures/add&sub.jpg>
Package pdftex.def Info: figures/add&sub.jpg used on input line 101.
(pdftex.def)             Requested size: 120.33574pt x 213.59596pt.
Package babel Info: Redefining ngerman shorthand "|
(babel)             in language  on input line 101.
Package babel Info: Redefining ngerman shorthand "~
(babel)             in language  on input line 101.
Package babel Info: Redefining ngerman shorthand "|
(babel)             in language  on input line 101.
Package babel Info: Redefining ngerman shorthand "~
(babel)             in language  on input line 101.

[5 <./figures/addmaster.pdf>]
Package babel Info: Redefining ngerman shorthand "|
(babel)             in language  on input line 101.
Package babel Info: Redefining ngerman shorthand "~
(babel)             in language  on input line 101.
Package babel Info: Redefining ngerman shorthand "|
(babel)             in language  on input line 101.
Package babel Info: Redefining ngerman shorthand "~
(babel)             in language  on input line 101.
 [6 <./figures/addition!.jpg> <./figures/subtraction!.jpg>] <figures/addsubspri
ngbird.jpg, id=210, 325.72394pt x 578.16pt>
File: figures/addsubspringbird.jpg Graphic file (type jpg)

<use figures/addsubspringbird.jpg>
Package pdftex.def Info: figures/addsubspringbird.jpg used on input line 109.
(pdftex.def)             Requested size: 120.33206pt x 213.58943pt.

<figures/addsubforkids.jpg, id=211, 321.2pt x 570.13pt>
File: figures/addsubforkids.jpg Graphic file (type jpg)

<use figures/addsubforkids.jpg>
Package pdftex.def Info: figures/addsubforkids.jpg used on input line 115.
(pdftex.def)             Requested size: 120.33208pt x 213.58943pt.
Package babel Info: Redefining ngerman shorthand "|
(babel)             in language  on input line 129.
Package babel Info: Redefining ngerman shorthand "~
(babel)             in language  on input line 129.
Package babel Info: Redefining ngerman shorthand "|
(babel)             in language  on input line 129.
Package babel Info: Redefining ngerman shorthand "~
(babel)             in language  on input line 129.
 [7 <./figures/add&sub.jpg>]
Package babel Info: Redefining ngerman shorthand "|
(babel)             in language  on input line 129.
Package babel Info: Redefining ngerman shorthand "~
(babel)             in language  on input line 129.
Package babel Info: Redefining ngerman shorthand "|
(babel)             in language  on input line 129.
Package babel Info: Redefining ngerman shorthand "~
(babel)             in language  on input line 129.
 [8 <./figures/addsubspringbird.jpg> <./figures/addsubforkids.jpg>]
<figures/addsubk1.jpg, id=233, 488.58592pt x 366.43944pt>
File: figures/addsubk1.jpg Graphic file (type jpg)

<use figures/addsubk1.jpg>
Package pdftex.def Info: figures/addsubk1.jpg used on input line 140.
(pdftex.def)             Requested size: 159.33276pt x 119.49957pt.
 <figures/add-sub.jpg, id=234, 333.245pt x 570.13pt>
File: figures/add-sub.jpg Graphic file (type jpg)

<use figures/add-sub.jpg>
Package pdftex.def Info: figures/add-sub.jpg used on input line 146.
(pdftex.def)             Requested size: 124.84451pt x 213.58943pt.

<figures/subwithfun.jpg, id=235, 325.72394pt x 578.16pt>
File: figures/subwithfun.jpg Graphic file (type jpg)

<use figures/subwithfun.jpg>
Package pdftex.def Info: figures/subwithfun.jpg used on input line 152.
(pdftex.def)             Requested size: 120.33206pt x 213.58943pt.
)
Package babel Info: Redefining ngerman shorthand "|
(babel)             in language  on input line 246.
Package babel Info: Redefining ngerman shorthand "~
(babel)             in language  on input line 246.
Package babel Info: Redefining ngerman shorthand "|
(babel)             in language  on input line 246.
Package babel Info: Redefining ngerman shorthand "~
(babel)             in language  on input line 246.
 [9 <./figures/addsubk1.jpg>]
Package babel Info: Redefining ngerman shorthand "|
(babel)             in language  on input line 246.
Package babel Info: Redefining ngerman shorthand "~
(babel)             in language  on input line 246.
Package babel Info: Redefining ngerman shorthand "|
(babel)             in language  on input line 246.
Package babel Info: Redefining ngerman shorthand "~
(babel)             in language  on input line 246.
 [10 <./figures/add-sub.jpg> <./figures/subwithfun.jpg>]
\openout2 = `implementation.aux'.

 (./implementation.tex
Kapitel 3.

Overfull \hbox (275.48108pt too wide) in paragraph at lines 13--13
[][][][]\OT1/pplj/m/n/10 (-20) .| 
 []


Overfull \hbox (163.65111pt too wide) in paragraph at lines 17--17
[][][][]\OT1/pplj/m/n/10 (-20) .| 
 []


LaTeX Warning: Reference `sec:modules' on page 11 undefined on input line 20.

Package babel Info: Redefining ngerman shorthand "|
(babel)             in language  on input line 32.
Package babel Info: Redefining ngerman shorthand "~
(babel)             in language  on input line 32.
Package babel Info: Redefining ngerman shorthand "|
(babel)             in language  on input line 32.
Package babel Info: Redefining ngerman shorthand "~
(babel)             in language  on input line 32.
[11




]

LaTeX Warning: Reference `subsec:excercise' on page 12 undefined on input line 
32.


Overfull \hbox (10.1304pt too wide) in paragraph at lines 34--35
[]\OT1/pplj/m/n/12 (-20) Einstellungen wie zum Bei-spiel die Aus-rich-tung des 
[]Ubertrages 
 []

<figures/mainmenu.png, id=259, 397.485pt x 746.79pt>
File: figures/mainmenu.png Graphic file (type png)

<use figures/mainmenu.png>
Package pdftex.def Info: figures/mainmenu.png used on input line 44.
(pdftex.def)             Requested size: 113.6847pt x 213.58943pt.
Package babel Info: Redefining ngerman shorthand "|
(babel)             in language  on input line 53.
Package babel Info: Redefining ngerman shorthand "~
(babel)             in language  on input line 53.
Package babel Info: Redefining ngerman shorthand "|
(babel)             in language  on input line 53.
Package babel Info: Redefining ngerman shorthand "~
(babel)             in language  on input line 53.
 [12 <./figures/mainmenu.png>]
<figures/login.png, id=268, 397.485pt x 746.79pt>
File: figures/login.png Graphic file (type png)
 <use figures/login.png>
Package pdftex.def Info: figures/login.png used on input line 58.
(pdftex.def)             Requested size: 113.6847pt x 213.58943pt.
Package babel Info: Redefining ngerman shorthand "|
(babel)             in language  on input line 73.
Package babel Info: Redefining ngerman shorthand "~
(babel)             in language  on input line 73.
Package babel Info: Redefining ngerman shorthand "|
(babel)             in language  on input line 73.
Package babel Info: Redefining ngerman shorthand "~
(babel)             in language  on input line 73.

[13 <./figures/login.png>]
LaTeX Font Info:    Try loading font information for OML+pplj on input line 74.

LaTeX Font Info:    No file OMLpplj.fd. on input line 74.


LaTeX Font Warning: Font shape `OML/pplj/m/n' undefined
(Font)              using `OML/cmm/m/it' instead
(Font)              for symbol `textless' on input line 74.

Package babel Info: Redefining ngerman shorthand "|
(babel)             in language  on input line 96.
Package babel Info: Redefining ngerman shorthand "~
(babel)             in language  on input line 96.
Package babel Info: Redefining ngerman shorthand "|
(babel)             in language  on input line 96.
Package babel Info: Redefining ngerman shorthand "~
(babel)             in language  on input line 96.
[14]

LaTeX Warning: Citation 'https://developer.apple.com/library/mac/documentation/
cocoa/Reference/Foundation/Classes/NSUserDefaults_Class/Reference/Reference.htm
l' on page 15 undefined on input line 115.


Overfull \hbox (274.60112pt too wide) in paragraph at lines 115--115
[][][][]\OT1/pplj/m/n/10 (-20) .| 
 []

<figures/logout.png, id=312, 397.485pt x 746.79pt>
File: figures/logout.png Graphic file (type png)
 <use figures/logout.png>
Package pdftex.def Info: figures/logout.png used on input line 121.
(pdftex.def)             Requested size: 113.6847pt x 213.58943pt.
Package babel Info: Redefining ngerman shorthand "|
(babel)             in language  on input line 122.
Package babel Info: Redefining ngerman shorthand "~
(babel)             in language  on input line 122.
Package babel Info: Redefining ngerman shorthand "|
(babel)             in language  on input line 122.
Package babel Info: Redefining ngerman shorthand "~
(babel)             in language  on input line 122.

[15] <figures/trainer.png, id=332, 397.485pt x 746.79pt>
File: figures/trainer.png Graphic file (type png)

<use figures/trainer.png>
Package pdftex.def Info: figures/trainer.png used on input line 130.
(pdftex.def)             Requested size: 113.6847pt x 213.58943pt.
Package babel Info: Redefining ngerman shorthand "|
(babel)             in language  on input line 141.
Package babel Info: Redefining ngerman shorthand "~
(babel)             in language  on input line 141.
Package babel Info: Redefining ngerman shorthand "|
(babel)             in language  on input line 141.
Package babel Info: Redefining ngerman shorthand "~
(babel)             in language  on input line 141.
 [16 <./figures/logout.png>]
<figures/feedback.png, id=340, 397.485pt x 746.79pt>
File: figures/feedback.png Graphic file (type png)

<use figures/feedback.png>
Package pdftex.def Info: figures/feedback.png used on input line 147.
(pdftex.def)             Requested size: 113.6847pt x 213.58943pt.
Package babel Info: Redefining ngerman shorthand "|
(babel)             in language  on input line 166.
Package babel Info: Redefining ngerman shorthand "~
(babel)             in language  on input line 166.
Package babel Info: Redefining ngerman shorthand "|
(babel)             in language  on input line 166.
Package babel Info: Redefining ngerman shorthand "~
(babel)             in language  on input line 166.
 [17 <./figures/trainer.png>]
Package babel Info: Redefining ngerman shorthand "|
(babel)             in language  on input line 182.
Package babel Info: Redefining ngerman shorthand "~
(babel)             in language  on input line 182.
Package babel Info: Redefining ngerman shorthand "|
(babel)             in language  on input line 182.
Package babel Info: Redefining ngerman shorthand "~
(babel)             in language  on input line 182.
 [18 <./figures/feedback.png>]
Package babel Info: Redefining ngerman shorthand "|
(babel)             in language  on input line 209.
Package babel Info: Redefining ngerman shorthand "~
(babel)             in language  on input line 209.
Package babel Info: Redefining ngerman shorthand "|
(babel)             in language  on input line 209.
Package babel Info: Redefining ngerman shorthand "~
(babel)             in language  on input line 209.
 [19]
Package babel Info: Redefining ngerman shorthand "|
(babel)             in language  on input line 240.
Package babel Info: Redefining ngerman shorthand "~
(babel)             in language  on input line 240.
Package babel Info: Redefining ngerman shorthand "|
(babel)             in language  on input line 240.
Package babel Info: Redefining ngerman shorthand "~
(babel)             in language  on input line 240.
 [20] <figures/difficulty.png, id=408, 397.485pt x 746.79pt>
File: figures/difficulty.png Graphic file (type png)

<use figures/difficulty.png>
Package pdftex.def Info: figures/difficulty.png used on input line 268.
(pdftex.def)             Requested size: 113.6847pt x 213.58943pt.

Overfull \hbox (3.32224pt too wide) in paragraph at lines 270--272
[]\OT1/pplj/m/n/12 (-20) Die Re-chen-auf-ga-ben im []Ubungsmodus un-ter-lie-gen
 ei-ni-gen Ein-schr[]ankungen.
 []

Package babel Info: Redefining ngerman shorthand "|
(babel)             in language  on input line 275.
Package babel Info: Redefining ngerman shorthand "~
(babel)             in language  on input line 275.
Package babel Info: Redefining ngerman shorthand "|
(babel)             in language  on input line 275.
Package babel Info: Redefining ngerman shorthand "~
(babel)             in language  on input line 275.
[21]
Package babel Info: Redefining ngerman shorthand "|
(babel)             in language  on input line 292.
Package babel Info: Redefining ngerman shorthand "~
(babel)             in language  on input line 292.
Package babel Info: Redefining ngerman shorthand "|
(babel)             in language  on input line 292.
Package babel Info: Redefining ngerman shorthand "~
(babel)             in language  on input line 292.
 [22 <./figures/difficulty.png>]
Package babel Info: Redefining ngerman shorthand "|
(babel)             in language  on input line 323.
Package babel Info: Redefining ngerman shorthand "~
(babel)             in language  on input line 323.
Package babel Info: Redefining ngerman shorthand "|
(babel)             in language  on input line 323.
Package babel Info: Redefining ngerman shorthand "~
(babel)             in language  on input line 323.
 [23]
Package babel Info: Redefining ngerman shorthand "|
(babel)             in language  on input line 354.
Package babel Info: Redefining ngerman shorthand "~
(babel)             in language  on input line 354.
Package babel Info: Redefining ngerman shorthand "|
(babel)             in language  on input line 354.
Package babel Info: Redefining ngerman shorthand "~
(babel)             in language  on input line 354.
 [24]
<figures/evaluation.png, id=500, 397.485pt x 746.79pt>
File: figures/evaluation.png Graphic file (type png)

<use figures/evaluation.png>
Package pdftex.def Info: figures/evaluation.png used on input line 391.
(pdftex.def)             Requested size: 113.6847pt x 213.58943pt.

<figures/settings.png, id=502, 397.485pt x 746.79pt>
File: figures/settings.png Graphic file (type png)

<use figures/settings.png>
Package pdftex.def Info: figures/settings.png used on input line 403.
(pdftex.def)             Requested size: 113.6847pt x 213.58943pt.

Overfull \hbox (12.03857pt too wide) in paragraph at lines 395--404
\OT1/pplj/m/n/12 (-20) die Po-si-ti-on des []Ubertragfeldes im Trai-nings -und 
[]Ubungsmodus zu ver[]andern.
 []

Package babel Info: Redefining ngerman shorthand "|
(babel)             in language  on input line 404.
Package babel Info: Redefining ngerman shorthand "~
(babel)             in language  on input line 404.
Package babel Info: Redefining ngerman shorthand "|
(babel)             in language  on input line 404.
Package babel Info: Redefining ngerman shorthand "~
(babel)             in language  on input line 404.
[25] <figures/help.png, id=534, 397.485pt x 746.79pt>
File: figures/help.png Graphic file (type png)
 <use figures/help.png>
Package pdftex.def Info: figures/help.png used on input line 416.
(pdftex.def)             Requested size: 113.6847pt x 213.58943pt.
)
Package babel Info: Redefining ngerman shorthand "|
(babel)             in language  on input line 247.
Package babel Info: Redefining ngerman shorthand "~
(babel)             in language  on input line 247.
Package babel Info: Redefining ngerman shorthand "|
(babel)             in language  on input line 247.
Package babel Info: Redefining ngerman shorthand "~
(babel)             in language  on input line 247.

[26 <./figures/evaluation.png>]
Package babel Info: Redefining ngerman shorthand "|
(babel)             in language  on input line 247.
Package babel Info: Redefining ngerman shorthand "~
(babel)             in language  on input line 247.
Package babel Info: Redefining ngerman shorthand "|
(babel)             in language  on input line 247.
Package babel Info: Redefining ngerman shorthand "~
(babel)             in language  on input line 247.
 [27 <./figures/settings.png> <./figures/help.png>]
\openout2 = `discussion.aux'.

 (./discussion.tex
Kapitel 4.
File: figures/TU_Graz_Logo.pdf Graphic file (type pdf)
<use figures/TU_Graz_Logo.pdf>
Package pdftex.def Info: figures/TU_Graz_Logo.pdf used on input line 21.
(pdftex.def)             Requested size: 39.83562pt x 14.80615pt.
)
Package babel Info: Redefining ngerman shorthand "|
(babel)             in language  on input line 248.
Package babel Info: Redefining ngerman shorthand "~
(babel)             in language  on input line 248.
Package babel Info: Redefining ngerman shorthand "|
(babel)             in language  on input line 248.
Package babel Info: Redefining ngerman shorthand "~
(babel)             in language  on input line 248.
 [28




]
\openout2 = `conclusion.aux'.

 (./conclusion.tex
Kapitel 5.
File: figures/TU_Graz_Logo.pdf Graphic file (type pdf)
<use figures/TU_Graz_Logo.pdf>
Package pdftex.def Info: figures/TU_Graz_Logo.pdf used on input line 21.
(pdftex.def)             Requested size: 39.83562pt x 14.80615pt.
)
Package babel Info: Redefining ngerman shorthand "|
(babel)             in language  on input line 249.
Package babel Info: Redefining ngerman shorthand "~
(babel)             in language  on input line 249.
Package babel Info: Redefining ngerman shorthand "|
(babel)             in language  on input line 249.
Package babel Info: Redefining ngerman shorthand "~
(babel)             in language  on input line 249.
 [29




]
\openout2 = `outlook.aux'.

 (./outlook.tex
Kapitel 6.
File: figures/TU_Graz_Logo.pdf Graphic file (type pdf)
<use figures/TU_Graz_Logo.pdf>
Package pdftex.def Info: figures/TU_Graz_Logo.pdf used on input line 21.
(pdftex.def)             Requested size: 39.83562pt x 14.80615pt.
)
Package babel Info: Redefining ngerman shorthand "|
(babel)             in language  on input line 250.
Package babel Info: Redefining ngerman shorthand "~
(babel)             in language  on input line 250.
Package babel Info: Redefining ngerman shorthand "|
(babel)             in language  on input line 250.
Package babel Info: Redefining ngerman shorthand "~
(babel)             in language  on input line 250.
 [30




]
Package babel Info: Redefining ngerman shorthand "|
(babel)             in language  on input line 263.
Package babel Info: Redefining ngerman shorthand "~
(babel)             in language  on input line 263.
Package babel Info: Redefining ngerman shorthand "|
(babel)             in language  on input line 263.
Package babel Info: Redefining ngerman shorthand "~
(babel)             in language  on input line 263.
 [31



]
Package microtype Info: Character `013' is missing
(microtype)             in font `OT1/pplj/m/sc/12'.
(microtype)             Ignoring protrusion settings for this character.
Package babel Info: Redefining ngerman shorthand "|
(babel)             in language  on input line 265.
Package babel Info: Redefining ngerman shorthand "~
(babel)             in language  on input line 265.
Package babel Info: Redefining ngerman shorthand "|
(babel)             in language  on input line 265.
Package babel Info: Redefining ngerman shorthand "~
(babel)             in language  on input line 265.
 [32


]
Package atveryend Info: Empty hook `BeforeClearDocument' on input line 275.
Package babel Info: Redefining ngerman shorthand "|
(babel)             in language  on input line 275.
Package babel Info: Redefining ngerman shorthand "~
(babel)             in language  on input line 275.
Package babel Info: Redefining ngerman shorthand "|
(babel)             in language  on input line 275.
Package babel Info: Redefining ngerman shorthand "~
(babel)             in language  on input line 275.
 [33]
Package atveryend Info: Empty hook `AfterLastShipout' on input line 275.
 (./main.aux (./abstract.aux) (./abstract_en.aux) (./introduction.aux) (./state
oftheart.aux)
(./implementation.aux) (./discussion.aux) (./conclusion.aux) (./outlook.aux))
Package atveryend Info: Executing hook `AtVeryEndDocument' on input line 275.
Package atveryend Info: Empty hook `AtEndAfterFileList' on input line 275.


LaTeX Font Warning: Some font shapes were not available, defaults substituted.


LaTeX Warning: There were undefined references.


LaTeX Warning: There were multiply-defined labels.


Package biblatex Warning: Please (re)run Biber on the file:
(biblatex)                main
(biblatex)                and rerun LaTeX afterwards.

Package logreq Info: Writing requests to 'main.run.xml'.
\openout1 = `main.run.xml'.

 ) 
Here is how much of TeX's memory you used:
 26954 strings out of 493315
 466662 string characters out of 6137904
 1076119 words of memory out of 5000000
 29177 multiletter control sequences out of 15000+600000
 55641 words of font info for 332 fonts, out of 8000000 for 9000
 963 hyphenation exceptions out of 8191
 76i,13n,77p,847b,3108s stack positions out of 5000i,500n,10000p,200000b,80000s
{/usr/local/texlive/2013/texmf-dist/fonts/enc/dvips/base/8r.enc}</usr/local/t
exlive/2013/texmf-dist/fonts/type1/public/amsfonts/cm/cmmi10.pfb></usr/local/te
xlive/2013/texmf-dist/fonts/type1/public/amsfonts/cm/cmss12.pfb></usr/local/tex
live/2013/texmf-dist/fonts/type1/public/amsfonts/cm/cmssbx10.pfb></usr/local/te
xlive/2013/texmf-dist/fonts/type1/public/amsfonts/cm/cmsy10.pfb></usr/local/tex
live/2013/texmf-dist/fonts/type1/public/amsfonts/cm/cmtt12.pfb></usr/local/texl
ive/2013/texmf-dist/fonts/type1/public/fpl/fplbj8a.pfb></usr/local/texlive/2013
/texmf-dist/fonts/type1/public/fpl/fplrc8a.pfb></usr/local/texlive/2013/texmf-d
ist/fonts/type1/public/fpl/fplrij8a.pfb></usr/local/texlive/2013/texmf-dist/fon
ts/type1/urw/palatino/uplb8a.pfb></usr/local/texlive/2013/texmf-dist/fonts/type
1/urw/palatino/uplr8a.pfb></usr/local/texlive/2013/texmf-dist/fonts/type1/urw/p
alatino/uplri8a.pfb>
Output written on main.pdf (40 pages, 1364164 bytes).
PDF statistics:
 736 PDF objects out of 1000 (max. 8388607)
 646 compressed objects within 7 object streams
 299 named destinations out of 1000 (max. 500000)
 42097 words of extra memory for PDF output out of 42996 (max. 10000000)

